# JRE version: Java(TM) SE Runtime Environment (8.0_191-b12) (build 1.8.0_191-b12)
# Java VM: Java HotSpot(TM) 64-Bit Server VM (25.191-b12 mixed mode windows-amd64 compressed oops)
Heap:
 PSYoungGen      total 75776K, used 10212K [0x00000000e0000000, 0x00000000e5480000, 0x0000000100000000)
  eden space 65024K, 0% used [0x00000000e0000000,0x00000000e0000000,0x00000000e3f80000)
  from space 10752K, 94% used [0x00000000e4a00000,0x00000000e53f92f0,0x00000000e5480000)
  to   space 10752K, 0% used [0x00000000e3f80000,0x00000000e3f80000,0x00000000e4a00000)
 ParOldGen       total 122880K, used 9577K [0x00000000a0000000, 0x00000000a7800000, 0x00000000e0000000)
  object space 122880K, 7% used [0x00000000a0000000,0x00000000a095a790,0x00000000a7800000)
 Metaspace       used 26092K, capacity 26962K, committed 27136K, reserved 1079296K
  class space    used 3766K, capacity 3984K, committed 4096K, reserved 1048576K
GC Heap History (7 events):
Event: 1.423 GC heap before
{Heap before GC invocations=1 (full 0):
 PSYoungGen      total 75776K, used 48761K [0x00000000e0000000, 0x00000000e5480000, 0x0000000100000000)
  eden space 65024K, 74% used [0x00000000e0000000,0x00000000e2f9e710,0x00000000e3f80000)
  from space 10752K, 0% used [0x00000000e4a00000,0x00000000e4a00000,0x00000000e5480000)
  to   space 10752K, 0% used [0x00000000e3f80000,0x00000000e3f80000,0x00000000e4a00000)
 ParOldGen       total 173568K, used 0K [0x00000000a0000000, 0x00000000aa980000, 0x00000000e0000000)
  object space 173568K, 0% used [0x00000000a0000000,0x00000000a0000000,0x00000000aa980000)
 Metaspace       used 16364K, capacity 16984K, committed 17024K, reserved 1069056K
  class space    used 2248K, capacity 2427K, committed 2432K, reserved 1048576K
Event: 1.427 GC heap after
Heap after GC invocations=1 (full 0):
 PSYoungGen      total 75776K, used 10125K [0x00000000e0000000, 0x00000000e5480000, 0x0000000100000000)
  eden space 65024K, 0% used [0x00000000e0000000,0x00000000e0000000,0x00000000e3f80000)
  from space 10752K, 94% used [0x00000000e3f80000,0x00000000e49634e8,0x00000000e4a00000)
  to   space 10752K, 0% used [0x00000000e4a00000,0x00000000e4a00000,0x00000000e5480000)
 ParOldGen       total 173568K, used 16K [0x00000000a0000000, 0x00000000aa980000, 0x00000000e0000000)
  object space 173568K, 0% used [0x00000000a0000000,0x00000000a0004000,0x00000000aa980000)
 Metaspace       used 16364K, capacity 16984K, committed 17024K, reserved 1069056K
  class space    used 2248K, capacity 2427K, committed 2432K, reserved 1048576K
}
Event: 1.427 GC heap before
{Heap before GC invocations=2 (full 1):
 PSYoungGen      total 75776K, used 10125K [0x00000000e0000000, 0x00000000e5480000, 0x0000000100000000)
  eden space 65024K, 0% used [0x00000000e0000000,0x00000000e0000000,0x00000000e3f80000)
  from space 10752K, 94% used [0x00000000e3f80000,0x00000000e49634e8,0x00000000e4a00000)
  to   space 10752K, 0% used [0x00000000e4a00000,0x00000000e4a00000,0x00000000e5480000)
 ParOldGen       total 173568K, used 16K [0x00000000a0000000, 0x00000000aa980000, 0x00000000e0000000)
  object space 173568K, 0% used [0x00000000a0000000,0x00000000a0004000,0x00000000aa980000)
 Metaspace       used 16364K, capacity 16984K, committed 17024K, reserved 1069056K
  class space    used 2248K, capacity 2427K, committed 2432K, reserved 1048576K
Event: 1.439 GC heap after
Heap after GC invocations=2 (full 1):
 PSYoungGen      total 75776K, used 0K [0x00000000e0000000, 0x00000000e5480000, 0x0000000100000000)
  eden space 65024K, 0% used [0x00000000e0000000,0x00000000e0000000,0x00000000e3f80000)
  from space 10752K, 0% used [0x00000000e3f80000,0x00000000e3f80000,0x00000000e4a00000)
  to   space 10752K, 0% used [0x00000000e4a00000,0x00000000e4a00000,0x00000000e5480000)
 ParOldGen       total 122880K, used 9569K [0x00000000a0000000, 0x00000000a7800000, 0x00000000e0000000)
  object space 122880K, 7% used [0x00000000a0000000,0x00000000a0958790,0x00000000a7800000)
 Metaspace       used 16364K, capacity 16984K, committed 17024K, reserved 1067008K
  class space    used 2248K, capacity 2427K, committed 2432K, reserved 1048576K
}
Event: 1.840 GC heap before
{Heap before GC invocations=3 (full 1):
 PSYoungGen      total 75776K, used 45829K [0x00000000e0000000, 0x00000000e5480000, 0x0000000100000000)
  eden space 65024K, 70% used [0x00000000e0000000,0x00000000e2cc16f0,0x00000000e3f80000)
  from space 10752K, 0% used [0x00000000e3f80000,0x00000000e3f80000,0x00000000e4a00000)
  to   space 10752K, 0% used [0x00000000e4a00000,0x00000000e4a00000,0x00000000e5480000)
 ParOldGen       total 122880K, used 9569K [0x00000000a0000000, 0x00000000a7800000, 0x00000000e0000000)
  object space 122880K, 7% used [0x00000000a0000000,0x00000000a0958790,0x00000000a7800000)
 Metaspace       used 26092K, capacity 26962K, committed 27136K, reserved 1079296K
  class space    used 3766K, capacity 3984K, committed 4096K, reserved 1048576K
Event: 1.844 GC heap after
Heap after GC invocations=3 (full 1):
 PSYoungGen      total 75776K, used 10212K [0x00000000e0000000, 0x00000000e5480000, 0x0000000100000000)
  eden space 65024K, 0% used [0x00000000e0000000,0x00000000e0000000,0x00000000e3f80000)
  from space 10752K, 94% used [0x00000000e4a00000,0x00000000e53f92f0,0x00000000e5480000)
  to   space 10752K, 0% used [0x00000000e3f80000,0x00000000e3f80000,0x00000000e4a00000)
 ParOldGen       total 122880K, used 9577K [0x00000000a0000000, 0x00000000a7800000, 0x00000000e0000000)
  object space 122880K, 7% used [0x00000000a0000000,0x00000000a095a790,0x00000000a7800000)
 Metaspace       used 26092K, capacity 26962K, committed 27136K, reserved 1079296K
  class space    used 3766K, capacity 3984K, committed 4096K, reserved 1048576K
}
Event: 1.844 GC heap before
{Heap before GC invocations=4 (full 2):
 PSYoungGen      total 75776K, used 10212K [0x00000000e0000000, 0x00000000e5480000, 0x0000000100000000)
  eden space 65024K, 0% used [0x00000000e0000000,0x00000000e0000000,0x00000000e3f80000)
  from space 10752K, 94% used [0x00000000e4a00000,0x00000000e53f92f0,0x00000000e5480000)
  to   space 10752K, 0% used [0x00000000e3f80000,0x00000000e3f80000,0x00000000e4a00000)
 ParOldGen       total 122880K, used 9577K [0x00000000a0000000, 0x00000000a7800000, 0x00000000e0000000)
  object space 122880K, 7% used [0x00000000a0000000,0x00000000a095a790,0x00000000a7800000)
 Metaspace       used 26092K, capacity 26962K, committed 27136K, reserved 1079296K
  class space    used 3766K, capacity 3984K, committed 4096K, reserved 1048576K

