# JRE version: Java(TM) SE Runtime Environment (8.0_191-b12) (build 1.8.0_191-b12)
# Java VM: Java HotSpot(TM) 64-Bit Server VM (25.191-b12 mixed mode windows-amd64 compressed oops)
Heap:
 PSYoungGen      total 97792K, used 10449K [0x00000000e0000000, 0x00000000e7f80000, 0x0000000100000000)
  eden space 87040K, 3% used [0x00000000e0000000,0x00000000e02c0490,0x00000000e5500000)
  from space 10752K, 70% used [0x00000000e6a80000,0x00000000e71f4018,0x00000000e7500000)
  to   space 10240K, 0% used [0x00000000e7580000,0x00000000e7580000,0x00000000e7f80000)
 ParOldGen       total 155648K, used 36937K [0x00000000a0000000, 0x00000000a9800000, 0x00000000e0000000)
  object space 155648K, 23% used [0x00000000a0000000,0x00000000a2412448,0x00000000a9800000)
 Metaspace       used 63417K, capacity 70765K, committed 71040K, reserved 1110016K
  class space    used 9031K, capacity 9498K, committed 9600K, reserved 1048576K
GC Heap History (10 events):
Event: 4.645 GC heap before
{Heap before GC invocations=6 (full 2):
 PSYoungGen      total 75776K, used 65024K [0x00000000e0000000, 0x00000000e8000000, 0x0000000100000000)
  eden space 65024K, 100% used [0x00000000e0000000,0x00000000e3f80000,0x00000000e3f80000)
  from space 10752K, 0% used [0x00000000e3f80000,0x00000000e3f80000,0x00000000e4a00000)
  to   space 10752K, 0% used [0x00000000e7580000,0x00000000e7580000,0x00000000e8000000)
 ParOldGen       total 155648K, used 18246K [0x00000000a0000000, 0x00000000a9800000, 0x00000000e0000000)
  object space 155648K, 11% used [0x00000000a0000000,0x00000000a11d1b90,0x00000000a9800000)
 Metaspace       used 43219K, capacity 46233K, committed 46336K, reserved 1089536K
  class space    used 6096K, capacity 6361K, committed 6400K, reserved 1048576K
Event: 4.651 GC heap after
Heap after GC invocations=6 (full 2):
 PSYoungGen      total 97280K, used 10001K [0x00000000e0000000, 0x00000000e7f80000, 0x0000000100000000)
  eden space 87040K, 0% used [0x00000000e0000000,0x00000000e0000000,0x00000000e5500000)
  from space 10240K, 97% used [0x00000000e7580000,0x00000000e7f44608,0x00000000e7f80000)
  to   space 10752K, 0% used [0x00000000e6a80000,0x00000000e6a80000,0x00000000e7500000)
 ParOldGen       total 155648K, used 18254K [0x00000000a0000000, 0x00000000a9800000, 0x00000000e0000000)
  object space 155648K, 11% used [0x00000000a0000000,0x00000000a11d3b90,0x00000000a9800000)
 Metaspace       used 43219K, capacity 46233K, committed 46336K, reserved 1089536K
  class space    used 6096K, capacity 6361K, committed 6400K, reserved 1048576K
}
Event: 5.644 GC heap before
{Heap before GC invocations=7 (full 2):
 PSYoungGen      total 97280K, used 92244K [0x00000000e0000000, 0x00000000e7f80000, 0x0000000100000000)
  eden space 87040K, 94% used [0x00000000e0000000,0x00000000e5050d98,0x00000000e5500000)
  from space 10240K, 97% used [0x00000000e7580000,0x00000000e7f44608,0x00000000e7f80000)
  to   space 10752K, 0% used [0x00000000e6a80000,0x00000000e6a80000,0x00000000e7500000)
 ParOldGen       total 155648K, used 18254K [0x00000000a0000000, 0x00000000a9800000, 0x00000000e0000000)
  object space 155648K, 11% used [0x00000000a0000000,0x00000000a11d3b90,0x00000000a9800000)
 Metaspace       used 53454K, capacity 58955K, committed 59028K, reserved 1099776K
  class space    used 7527K, capacity 7863K, committed 7936K, reserved 1048576K
Event: 5.662 GC heap after
Heap after GC invocations=7 (full 2):
 PSYoungGen      total 97792K, used 10723K [0x00000000e0000000, 0x00000000e7f80000, 0x0000000100000000)
  eden space 87040K, 0% used [0x00000000e0000000,0x00000000e0000000,0x00000000e5500000)
  from space 10752K, 99% used [0x00000000e6a80000,0x00000000e74f8cd8,0x00000000e7500000)
  to   space 10240K, 0% used [0x00000000e7580000,0x00000000e7580000,0x00000000e7f80000)
 ParOldGen       total 155648K, used 31993K [0x00000000a0000000, 0x00000000a9800000, 0x00000000e0000000)
  object space 155648K, 20% used [0x00000000a0000000,0x00000000a1f3e668,0x00000000a9800000)
 Metaspace       used 53454K, capacity 58955K, committed 59028K, reserved 1099776K
  class space    used 7527K, capacity 7863K, committed 7936K, reserved 1048576K
}
Event: 5.662 GC heap before
{Heap before GC invocations=8 (full 3):
 PSYoungGen      total 97792K, used 10723K [0x00000000e0000000, 0x00000000e7f80000, 0x0000000100000000)
  eden space 87040K, 0% used [0x00000000e0000000,0x00000000e0000000,0x00000000e5500000)
  from space 10752K, 99% used [0x00000000e6a80000,0x00000000e74f8cd8,0x00000000e7500000)
  to   space 10240K, 0% used [0x00000000e7580000,0x00000000e7580000,0x00000000e7f80000)
 ParOldGen       total 155648K, used 31993K [0x00000000a0000000, 0x00000000a9800000, 0x00000000e0000000)
  object space 155648K, 20% used [0x00000000a0000000,0x00000000a1f3e668,0x00000000a9800000)
 Metaspace       used 53454K, capacity 58955K, committed 59028K, reserved 1099776K
  class space    used 7527K, capacity 7863K, committed 7936K, reserved 1048576K
Event: 5.777 GC heap after
Heap after GC invocations=8 (full 3):
 PSYoungGen      total 97792K, used 0K [0x00000000e0000000, 0x00000000e7f80000, 0x0000000100000000)
  eden space 87040K, 0% used [0x00000000e0000000,0x00000000e0000000,0x00000000e5500000)
  from space 10752K, 0% used [0x00000000e6a80000,0x00000000e6a80000,0x00000000e7500000)
  to   space 10240K, 0% used [0x00000000e7580000,0x00000000e7580000,0x00000000e7f80000)
 ParOldGen       total 155648K, used 34695K [0x00000000a0000000, 0x00000000a9800000, 0x00000000e0000000)
  object space 155648K, 22% used [0x00000000a0000000,0x00000000a21e1e38,0x00000000a9800000)
 Metaspace       used 53448K, capacity 58945K, committed 59028K, reserved 1099776K
  class space    used 7527K, capacity 7861K, committed 7936K, reserved 1048576K
}
Event: 6.548 GC heap before
{Heap before GC invocations=9 (full 3):
 PSYoungGen      total 97792K, used 87040K [0x00000000e0000000, 0x00000000e7f80000, 0x0000000100000000)
  eden space 87040K, 100% used [0x00000000e0000000,0x00000000e5500000,0x00000000e5500000)
  from space 10752K, 0% used [0x00000000e6a80000,0x00000000e6a80000,0x00000000e7500000)
  to   space 10240K, 0% used [0x00000000e7580000,0x00000000e7580000,0x00000000e7f80000)
 ParOldGen       total 155648K, used 34695K [0x00000000a0000000, 0x00000000a9800000, 0x00000000e0000000)
  object space 155648K, 22% used [0x00000000a0000000,0x00000000a21e1e38,0x00000000a9800000)
 Metaspace       used 59852K, capacity 67019K, committed 67200K, reserved 1107968K
  class space    used 8618K, capacity 9058K, committed 9088K, reserved 1048576K
Event: 6.559 GC heap after
Heap after GC invocations=9 (full 3):
 PSYoungGen      total 97280K, used 10240K [0x00000000e0000000, 0x00000000e7f80000, 0x0000000100000000)
  eden space 87040K, 0% used [0x00000000e0000000,0x00000000e0000000,0x00000000e5500000)
  from space 10240K, 100% used [0x00000000e7580000,0x00000000e7f80000,0x00000000e7f80000)
  to   space 10752K, 0% used [0x00000000e6a80000,0x00000000e6a80000,0x00000000e7500000)
 ParOldGen       total 155648K, used 36929K [0x00000000a0000000, 0x00000000a9800000, 0x00000000e0000000)
  object space 155648K, 23% used [0x00000000a0000000,0x00000000a2410448,0x00000000a9800000)
 Metaspace       used 59852K, capacity 67019K, committed 67200K, reserved 1107968K
  class space    used 8618K, capacity 9058K, committed 9088K, reserved 1048576K
}
Event: 7.352 GC heap before
{Heap before GC invocations=10 (full 3):
 PSYoungGen      total 97280K, used 97280K [0x00000000e0000000, 0x00000000e7f80000, 0x0000000100000000)
  eden space 87040K, 100% used [0x00000000e0000000,0x00000000e5500000,0x00000000e5500000)
  from space 10240K, 100% used [0x00000000e7580000,0x00000000e7f80000,0x00000000e7f80000)
  to   space 10752K, 0% used [0x00000000e6a80000,0x00000000e6a80000,0x00000000e7500000)
 ParOldGen       total 155648K, used 36929K [0x00000000a0000000, 0x00000000a9800000, 0x00000000e0000000)
  object space 155648K, 23% used [0x00000000a0000000,0x00000000a2410448,0x00000000a9800000)
 Metaspace       used 63417K, capacity 70765K, committed 71040K, reserved 1110016K
  class space    used 9031K, capacity 9498K, committed 9600K, reserved 1048576K
Event: 7.358 GC heap after
Heap after GC invocations=10 (full 3):
 PSYoungGen      total 97792K, used 7632K [0x00000000e0000000, 0x00000000e7f80000, 0x0000000100000000)
  eden space 87040K, 0% used [0x00000000e0000000,0x00000000e0000000,0x00000000e5500000)
  from space 10752K, 70% used [0x00000000e6a80000,0x00000000e71f4018,0x00000000e7500000)
  to   space 10240K, 0% used [0x00000000e7580000,0x00000000e7580000,0x00000000e7f80000)
 ParOldGen       total 155648K, used 36937K [0x00000000a0000000, 0x00000000a9800000, 0x00000000e0000000)
  object space 155648K, 23% used [0x00000000a0000000,0x00000000a2412448,0x00000000a9800000)
 Metaspace       used 63417K, capacity 70765K, committed 71040K, reserved 1110016K
  class space    used 9031K, capacity 9498K, committed 9600K, reserved 1048576K
}

