# JRE version: Java(TM) SE Runtime Environment (8.0_191-b12) (build 1.8.0_191-b12)
# Java VM: Java HotSpot(TM) 64-Bit Server VM (25.191-b12 mixed mode windows-amd64 compressed oops)
Heap:
 PSYoungGen      total 399872K, used 7872K [0x00000000e0000000, 0x00000000faf00000, 0x0000000100000000)
  eden space 358400K, 0% used [0x00000000e0000000,0x00000000e0000000,0x00000000f5e00000)
  from space 41472K, 18% used [0x00000000f5e00000,0x00000000f65b0000,0x00000000f8680000)
  to   space 41472K, 0% used [0x00000000f8680000,0x00000000f8680000,0x00000000faf00000)
 ParOldGen       total 250368K, used 133137K [0x00000000a0000000, 0x00000000af480000, 0x00000000e0000000)
  object space 250368K, 53% used [0x00000000a0000000,0x00000000a8204550,0x00000000af480000)
 Metaspace       used 84896K, capacity 96645K, committed 96768K, reserved 1138688K
  class space    used 11773K, capacity 12449K, committed 12544K, reserved 1048576K
GC Heap History (10 events):
Event: 18.658 GC heap after
Heap after GC invocations=36 (full 5):
 PSYoungGen      total 399872K, used 12912K [0x00000000e0000000, 0x00000000faf00000, 0x0000000100000000)
  eden space 358400K, 0% used [0x00000000e0000000,0x00000000e0000000,0x00000000f5e00000)
  from space 41472K, 31% used [0x00000000f5e00000,0x00000000f6a9c070,0x00000000f8680000)
  to   space 41472K, 0% used [0x00000000f8680000,0x00000000f8680000,0x00000000faf00000)
 ParOldGen       total 250368K, used 122406K [0x00000000a0000000, 0x00000000af480000, 0x00000000e0000000)
  object space 250368K, 48% used [0x00000000a0000000,0x00000000a77898a0,0x00000000af480000)
 Metaspace       used 84613K, capacity 96305K, committed 96384K, reserved 1132544K
  class space    used 11731K, capacity 12382K, committed 12416K, reserved 1048576K
}
Event: 18.872 GC heap before
{Heap before GC invocations=37 (full 5):
 PSYoungGen      total 399872K, used 371312K [0x00000000e0000000, 0x00000000faf00000, 0x0000000100000000)
  eden space 358400K, 100% used [0x00000000e0000000,0x00000000f5e00000,0x00000000f5e00000)
  from space 41472K, 31% used [0x00000000f5e00000,0x00000000f6a9c070,0x00000000f8680000)
  to   space 41472K, 0% used [0x00000000f8680000,0x00000000f8680000,0x00000000faf00000)
 ParOldGen       total 250368K, used 122406K [0x00000000a0000000, 0x00000000af480000, 0x00000000e0000000)
  object space 250368K, 48% used [0x00000000a0000000,0x00000000a77898a0,0x00000000af480000)
 Metaspace       used 84613K, capacity 96305K, committed 96384K, reserved 1132544K
  class space    used 11731K, capacity 12382K, committed 12416K, reserved 1048576K
Event: 18.876 GC heap after
Heap after GC invocations=37 (full 5):
 PSYoungGen      total 399872K, used 12944K [0x00000000e0000000, 0x00000000faf00000, 0x0000000100000000)
  eden space 358400K, 0% used [0x00000000e0000000,0x00000000e0000000,0x00000000f5e00000)
  from space 41472K, 31% used [0x00000000f8680000,0x00000000f9324030,0x00000000faf00000)
  to   space 41472K, 0% used [0x00000000f5e00000,0x00000000f5e00000,0x00000000f8680000)
 ParOldGen       total 250368K, used 122414K [0x00000000a0000000, 0x00000000af480000, 0x00000000e0000000)
  object space 250368K, 48% used [0x00000000a0000000,0x00000000a778b8a0,0x00000000af480000)
 Metaspace       used 84613K, capacity 96305K, committed 96384K, reserved 1132544K
  class space    used 11731K, capacity 12382K, committed 12416K, reserved 1048576K
}
Event: 19.087 GC heap before
{Heap before GC invocations=38 (full 5):
 PSYoungGen      total 399872K, used 371344K [0x00000000e0000000, 0x00000000faf00000, 0x0000000100000000)
  eden space 358400K, 100% used [0x00000000e0000000,0x00000000f5e00000,0x00000000f5e00000)
  from space 41472K, 31% used [0x00000000f8680000,0x00000000f9324030,0x00000000faf00000)
  to   space 41472K, 0% used [0x00000000f5e00000,0x00000000f5e00000,0x00000000f8680000)
 ParOldGen       total 250368K, used 122414K [0x00000000a0000000, 0x00000000af480000, 0x00000000e0000000)
  object space 250368K, 48% used [0x00000000a0000000,0x00000000a778b8a0,0x00000000af480000)
 Metaspace       used 84613K, capacity 96305K, committed 96384K, reserved 1132544K
  class space    used 11731K, capacity 12382K, committed 12416K, reserved 1048576K
Event: 19.092 GC heap after
Heap after GC invocations=38 (full 5):
 PSYoungGen      total 399872K, used 8480K [0x00000000e0000000, 0x00000000faf00000, 0x0000000100000000)
  eden space 358400K, 0% used [0x00000000e0000000,0x00000000e0000000,0x00000000f5e00000)
  from space 41472K, 20% used [0x00000000f5e00000,0x00000000f6648000,0x00000000f8680000)
  to   space 41472K, 0% used [0x00000000f8680000,0x00000000f8680000,0x00000000faf00000)
 ParOldGen       total 250368K, used 126986K [0x00000000a0000000, 0x00000000af480000, 0x00000000e0000000)
  object space 250368K, 50% used [0x00000000a0000000,0x00000000a7c029b0,0x00000000af480000)
 Metaspace       used 84613K, capacity 96305K, committed 96384K, reserved 1132544K
  class space    used 11731K, capacity 12382K, committed 12416K, reserved 1048576K
}
Event: 19.305 GC heap before
{Heap before GC invocations=39 (full 5):
 PSYoungGen      total 399872K, used 366880K [0x00000000e0000000, 0x00000000faf00000, 0x0000000100000000)
  eden space 358400K, 100% used [0x00000000e0000000,0x00000000f5e00000,0x00000000f5e00000)
  from space 41472K, 20% used [0x00000000f5e00000,0x00000000f6648000,0x00000000f8680000)
  to   space 41472K, 0% used [0x00000000f8680000,0x00000000f8680000,0x00000000faf00000)
 ParOldGen       total 250368K, used 126986K [0x00000000a0000000, 0x00000000af480000, 0x00000000e0000000)
  object space 250368K, 50% used [0x00000000a0000000,0x00000000a7c029b0,0x00000000af480000)
 Metaspace       used 84613K, capacity 96305K, committed 96384K, reserved 1132544K
  class space    used 11731K, capacity 12382K, committed 12416K, reserved 1048576K
Event: 19.309 GC heap after
Heap after GC invocations=39 (full 5):
 PSYoungGen      total 399872K, used 4928K [0x00000000e0000000, 0x00000000faf00000, 0x0000000100000000)
  eden space 358400K, 0% used [0x00000000e0000000,0x00000000e0000000,0x00000000f5e00000)
  from space 41472K, 11% used [0x00000000f8680000,0x00000000f8b50000,0x00000000faf00000)
  to   space 41472K, 0% used [0x00000000f5e00000,0x00000000f5e00000,0x00000000f8680000)
 ParOldGen       total 250368K, used 130635K [0x00000000a0000000, 0x00000000af480000, 0x00000000e0000000)
  object space 250368K, 52% used [0x00000000a0000000,0x00000000a7f92c00,0x00000000af480000)
 Metaspace       used 84613K, capacity 96305K, committed 96384K, reserved 1132544K
  class space    used 11731K, capacity 12382K, committed 12416K, reserved 1048576K
}
Event: 19.621 GC heap before
{Heap before GC invocations=40 (full 5):
 PSYoungGen      total 399872K, used 308286K [0x00000000e0000000, 0x00000000faf00000, 0x0000000100000000)
  eden space 358400K, 84% used [0x00000000e0000000,0x00000000f283fbf8,0x00000000f5e00000)
  from space 41472K, 11% used [0x00000000f8680000,0x00000000f8b50000,0x00000000faf00000)
  to   space 41472K, 0% used [0x00000000f5e00000,0x00000000f5e00000,0x00000000f8680000)
 ParOldGen       total 250368K, used 130635K [0x00000000a0000000, 0x00000000af480000, 0x00000000e0000000)
  object space 250368K, 52% used [0x00000000a0000000,0x00000000a7f92c00,0x00000000af480000)
 Metaspace       used 84896K, capacity 96645K, committed 96768K, reserved 1138688K
  class space    used 11773K, capacity 12449K, committed 12544K, reserved 1048576K
Event: 19.626 GC heap after
Heap after GC invocations=40 (full 5):
 PSYoungGen      total 399872K, used 7872K [0x00000000e0000000, 0x00000000faf00000, 0x0000000100000000)
  eden space 358400K, 0% used [0x00000000e0000000,0x00000000e0000000,0x00000000f5e00000)
  from space 41472K, 18% used [0x00000000f5e00000,0x00000000f65b0000,0x00000000f8680000)
  to   space 41472K, 0% used [0x00000000f8680000,0x00000000f8680000,0x00000000faf00000)
 ParOldGen       total 250368K, used 133137K [0x00000000a0000000, 0x00000000af480000, 0x00000000e0000000)
  object space 250368K, 53% used [0x00000000a0000000,0x00000000a8204550,0x00000000af480000)
 Metaspace       used 84896K, capacity 96645K, committed 96768K, reserved 1138688K
  class space    used 11773K, capacity 12449K, committed 12544K, reserved 1048576K
}
Event: 19.626 GC heap before
{Heap before GC invocations=41 (full 6):
 PSYoungGen      total 399872K, used 7872K [0x00000000e0000000, 0x00000000faf00000, 0x0000000100000000)
  eden space 358400K, 0% used [0x00000000e0000000,0x00000000e0000000,0x00000000f5e00000)
  from space 41472K, 18% used [0x00000000f5e00000,0x00000000f65b0000,0x00000000f8680000)
  to   space 41472K, 0% used [0x00000000f8680000,0x00000000f8680000,0x00000000faf00000)
 ParOldGen       total 250368K, used 133137K [0x00000000a0000000, 0x00000000af480000, 0x00000000e0000000)
  object space 250368K, 53% used [0x00000000a0000000,0x00000000a8204550,0x00000000af480000)
 Metaspace       used 84896K, capacity 96645K, committed 96768K, reserved 1138688K
  class space    used 11773K, capacity 12449K, committed 12544K, reserved 1048576K

