# JRE version: Java(TM) SE Runtime Environment (8.0_191-b12) (build 1.8.0_191-b12)
# Java VM: Java HotSpot(TM) 64-Bit Server VM (25.191-b12 mixed mode windows-amd64 compressed oops)
Heap:
 PSYoungGen      total 75776K, used 25669K [0x00000000e0000000, 0x00000000e5480000, 0x0000000100000000)
  eden space 65024K, 39% used [0x00000000e0000000,0x00000000e1911608,0x00000000e3f80000)
  from space 10752K, 0% used [0x00000000e3f80000,0x00000000e3f80000,0x00000000e4a00000)
  to   space 10752K, 0% used [0x00000000e4a00000,0x00000000e4a00000,0x00000000e5480000)
 ParOldGen       total 84992K, used 17343K [0x00000000a0000000, 0x00000000a5300000, 0x00000000e0000000)
  object space 84992K, 20% used [0x00000000a0000000,0x00000000a10efef0,0x00000000a5300000)
 Metaspace       used 36031K, capacity 38210K, committed 38400K, reserved 1083392K
  class space    used 5248K, capacity 5510K, committed 5632K, reserved 1048576K
GC Heap History (10 events):
Event: 1.508 GC heap before
{Heap before GC invocations=1 (full 0):
 PSYoungGen      total 75776K, used 65024K [0x00000000e0000000, 0x00000000e5480000, 0x0000000100000000)
  eden space 65024K, 100% used [0x00000000e0000000,0x00000000e3f80000,0x00000000e3f80000)
  from space 10752K, 0% used [0x00000000e4a00000,0x00000000e4a00000,0x00000000e5480000)
  to   space 10752K, 0% used [0x00000000e3f80000,0x00000000e3f80000,0x00000000e4a00000)
 ParOldGen       total 173568K, used 0K [0x00000000a0000000, 0x00000000aa980000, 0x00000000e0000000)
  object space 173568K, 0% used [0x00000000a0000000,0x00000000a0000000,0x00000000aa980000)
 Metaspace       used 18536K, capacity 19262K, committed 19456K, reserved 1067008K
  class space    used 2560K, capacity 2755K, committed 2816K, reserved 1048576K
Event: 1.514 GC heap after
Heap after GC invocations=1 (full 0):
 PSYoungGen      total 75776K, used 10748K [0x00000000e0000000, 0x00000000e5480000, 0x0000000100000000)
  eden space 65024K, 0% used [0x00000000e0000000,0x00000000e0000000,0x00000000e3f80000)
  from space 10752K, 99% used [0x00000000e3f80000,0x00000000e49ff0d8,0x00000000e4a00000)
  to   space 10752K, 0% used [0x00000000e4a00000,0x00000000e4a00000,0x00000000e5480000)
 ParOldGen       total 173568K, used 1575K [0x00000000a0000000, 0x00000000aa980000, 0x00000000e0000000)
  object space 173568K, 0% used [0x00000000a0000000,0x00000000a0189ed0,0x00000000aa980000)
 Metaspace       used 18536K, capacity 19262K, committed 19456K, reserved 1067008K
  class space    used 2560K, capacity 2755K, committed 2816K, reserved 1048576K
}
Event: 1.545 GC heap before
{Heap before GC invocations=2 (full 0):
 PSYoungGen      total 75776K, used 17828K [0x00000000e0000000, 0x00000000e5480000, 0x0000000100000000)
  eden space 65024K, 10% used [0x00000000e0000000,0x00000000e06ea308,0x00000000e3f80000)
  from space 10752K, 99% used [0x00000000e3f80000,0x00000000e49ff0d8,0x00000000e4a00000)
  to   space 10752K, 0% used [0x00000000e4a00000,0x00000000e4a00000,0x00000000e5480000)
 ParOldGen       total 173568K, used 1575K [0x00000000a0000000, 0x00000000aa980000, 0x00000000e0000000)
  object space 173568K, 0% used [0x00000000a0000000,0x00000000a0189ed0,0x00000000aa980000)
 Metaspace       used 19215K, capacity 19902K, committed 20096K, reserved 1071104K
  class space    used 2657K, capacity 2819K, committed 2944K, reserved 1048576K
Event: 1.548 GC heap after
Heap after GC invocations=2 (full 0):
 PSYoungGen      total 75776K, used 6435K [0x00000000e0000000, 0x00000000e5480000, 0x0000000100000000)
  eden space 65024K, 0% used [0x00000000e0000000,0x00000000e0000000,0x00000000e3f80000)
  from space 10752K, 59% used [0x00000000e4a00000,0x00000000e5048f10,0x00000000e5480000)
  to   space 10752K, 0% used [0x00000000e3f80000,0x00000000e3f80000,0x00000000e4a00000)
 ParOldGen       total 173568K, used 1583K [0x00000000a0000000, 0x00000000aa980000, 0x00000000e0000000)
  object space 173568K, 0% used [0x00000000a0000000,0x00000000a018bed0,0x00000000aa980000)
 Metaspace       used 19215K, capacity 19902K, committed 20096K, reserved 1071104K
  class space    used 2657K, capacity 2819K, committed 2944K, reserved 1048576K
}
Event: 1.548 GC heap before
{Heap before GC invocations=3 (full 1):
 PSYoungGen      total 75776K, used 6435K [0x00000000e0000000, 0x00000000e5480000, 0x0000000100000000)
  eden space 65024K, 0% used [0x00000000e0000000,0x00000000e0000000,0x00000000e3f80000)
  from space 10752K, 59% used [0x00000000e4a00000,0x00000000e5048f10,0x00000000e5480000)
  to   space 10752K, 0% used [0x00000000e3f80000,0x00000000e3f80000,0x00000000e4a00000)
 ParOldGen       total 173568K, used 1583K [0x00000000a0000000, 0x00000000aa980000, 0x00000000e0000000)
  object space 173568K, 0% used [0x00000000a0000000,0x00000000a018bed0,0x00000000aa980000)
 Metaspace       used 19215K, capacity 19902K, committed 20096K, reserved 1071104K
  class space    used 2657K, capacity 2819K, committed 2944K, reserved 1048576K
Event: 1.562 GC heap after
Heap after GC invocations=3 (full 1):
 PSYoungGen      total 75776K, used 0K [0x00000000e0000000, 0x00000000e5480000, 0x0000000100000000)
  eden space 65024K, 0% used [0x00000000e0000000,0x00000000e0000000,0x00000000e3f80000)
  from space 10752K, 0% used [0x00000000e4a00000,0x00000000e4a00000,0x00000000e5480000)
  to   space 10752K, 0% used [0x00000000e3f80000,0x00000000e3f80000,0x00000000e4a00000)
 ParOldGen       total 84992K, used 6168K [0x00000000a0000000, 0x00000000a5300000, 0x00000000e0000000)
  object space 84992K, 7% used [0x00000000a0000000,0x00000000a06063e0,0x00000000a5300000)
 Metaspace       used 19215K, capacity 19902K, committed 20096K, reserved 1069056K
  class space    used 2657K, capacity 2819K, committed 2944K, reserved 1048576K
}
Event: 2.387 GC heap before
{Heap before GC invocations=4 (full 1):
 PSYoungGen      total 75776K, used 58111K [0x00000000e0000000, 0x00000000e5480000, 0x0000000100000000)
  eden space 65024K, 89% used [0x00000000e0000000,0x00000000e38bfc00,0x00000000e3f80000)
  from space 10752K, 0% used [0x00000000e4a00000,0x00000000e4a00000,0x00000000e5480000)
  to   space 10752K, 0% used [0x00000000e3f80000,0x00000000e3f80000,0x00000000e4a00000)
 ParOldGen       total 84992K, used 6168K [0x00000000a0000000, 0x00000000a5300000, 0x00000000e0000000)
  object space 84992K, 7% used [0x00000000a0000000,0x00000000a06063e0,0x00000000a5300000)
 Metaspace       used 31935K, capacity 33418K, committed 33496K, reserved 1079296K
  class space    used 4665K, capacity 4938K, committed 4992K, reserved 1048576K
Event: 2.392 GC heap after
Heap after GC invocations=4 (full 1):
 PSYoungGen      total 75776K, used 10747K [0x00000000e0000000, 0x00000000e5480000, 0x0000000100000000)
  eden space 65024K, 0% used [0x00000000e0000000,0x00000000e0000000,0x00000000e3f80000)
  from space 10752K, 99% used [0x00000000e3f80000,0x00000000e49fec48,0x00000000e4a00000)
  to   space 10752K, 0% used [0x00000000e4a00000,0x00000000e4a00000,0x00000000e5480000)
 ParOldGen       total 84992K, used 7578K [0x00000000a0000000, 0x00000000a5300000, 0x00000000e0000000)
  object space 84992K, 8% used [0x00000000a0000000,0x00000000a0766ba0,0x00000000a5300000)
 Metaspace       used 31935K, capacity 33418K, committed 33496K, reserved 1079296K
  class space    used 4665K, capacity 4938K, committed 4992K, reserved 1048576K
}
Event: 2.392 GC heap before
{Heap before GC invocations=5 (full 2):
 PSYoungGen      total 75776K, used 10747K [0x00000000e0000000, 0x00000000e5480000, 0x0000000100000000)
  eden space 65024K, 0% used [0x00000000e0000000,0x00000000e0000000,0x00000000e3f80000)
  from space 10752K, 99% used [0x00000000e3f80000,0x00000000e49fec48,0x00000000e4a00000)
  to   space 10752K, 0% used [0x00000000e4a00000,0x00000000e4a00000,0x00000000e5480000)
 ParOldGen       total 84992K, used 7578K [0x00000000a0000000, 0x00000000a5300000, 0x00000000e0000000)
  object space 84992K, 8% used [0x00000000a0000000,0x00000000a0766ba0,0x00000000a5300000)
 Metaspace       used 31935K, capacity 33418K, committed 33496K, reserved 1079296K
  class space    used 4665K, capacity 4938K, committed 4992K, reserved 1048576K
Event: 2.410 GC heap after
Heap after GC invocations=5 (full 2):
 PSYoungGen      total 75776K, used 0K [0x00000000e0000000, 0x00000000e5480000, 0x0000000100000000)
  eden space 65024K, 0% used [0x00000000e0000000,0x00000000e0000000,0x00000000e3f80000)
  from space 10752K, 0% used [0x00000000e3f80000,0x00000000e3f80000,0x00000000e4a00000)
  to   space 10752K, 0% used [0x00000000e4a00000,0x00000000e4a00000,0x00000000e5480000)
 ParOldGen       total 84992K, used 17343K [0x00000000a0000000, 0x00000000a5300000, 0x00000000e0000000)
  object space 84992K, 20% used [0x00000000a0000000,0x00000000a10efef0,0x00000000a5300000)
 Metaspace       used 31935K, capacity 33418K, committed 33496K, reserved 1079296K
  class space    used 4665K, capacity 4938K, committed 4992K, reserved 1048576K
}

