# JRE version: Java(TM) SE Runtime Environment (8.0_191-b12) (build 1.8.0_191-b12)
# Java VM: Java HotSpot(TM) 64-Bit Server VM (25.191-b12 mixed mode windows-amd64 compressed oops)
Heap:
 PSYoungGen      total 229376K, used 196963K [0x00000000e0000000, 0x00000000ef600000, 0x0000000100000000)
  eden space 210944K, 84% used [0x00000000e0000000,0x00000000eae5c2e0,0x00000000ece00000)
  from space 18432K, 99% used [0x00000000ee400000,0x00000000ef5fcbd0,0x00000000ef600000)
  to   space 20480K, 0% used [0x00000000ece00000,0x00000000ece00000,0x00000000ee200000)
 ParOldGen       total 233472K, used 96795K [0x00000000a0000000, 0x00000000ae400000, 0x00000000e0000000)
  object space 233472K, 41% used [0x00000000a0000000,0x00000000a5e86f18,0x00000000ae400000)
 Metaspace       used 84253K, capacity 95823K, committed 96128K, reserved 1132544K
  class space    used 11701K, capacity 12353K, committed 12416K, reserved 1048576K
GC Heap History (10 events):
Event: 9.670 GC heap before
{Heap before GC invocations=15 (full 5):
 PSYoungGen      total 167424K, used 150992K [0x00000000e0000000, 0x00000000edf80000, 0x0000000100000000)
  eden space 144384K, 100% used [0x00000000e0000000,0x00000000e8d00000,0x00000000e8d00000)
  from space 23040K, 28% used [0x00000000e8d00000,0x00000000e9374158,0x00000000ea380000)
  to   space 22528K, 0% used [0x00000000ec980000,0x00000000ec980000,0x00000000edf80000)
 ParOldGen       total 233472K, used 36688K [0x00000000a0000000, 0x00000000ae400000, 0x00000000e0000000)
  object space 233472K, 15% used [0x00000000a0000000,0x00000000a23d4000,0x00000000ae400000)
 Metaspace       used 70237K, capacity 78061K, committed 78464K, reserved 1118208K
  class space    used 9768K, capacity 10221K, committed 10368K, reserved 1048576K
Event: 9.676 GC heap after
Heap after GC invocations=15 (full 5):
 PSYoungGen      total 202240K, used 8195K [0x00000000e0000000, 0x00000000edd00000, 0x0000000100000000)
  eden space 182272K, 0% used [0x00000000e0000000,0x00000000e0000000,0x00000000eb200000)
  from space 19968K, 41% used [0x00000000ec980000,0x00000000ed180d28,0x00000000edd00000)
  to   space 22016K, 0% used [0x00000000eb200000,0x00000000eb200000,0x00000000ec780000)
 ParOldGen       total 233472K, used 36696K [0x00000000a0000000, 0x00000000ae400000, 0x00000000e0000000)
  object space 233472K, 15% used [0x00000000a0000000,0x00000000a23d6000,0x00000000ae400000)
 Metaspace       used 70237K, capacity 78061K, committed 78464K, reserved 1118208K
  class space    used 9768K, capacity 10221K, committed 10368K, reserved 1048576K
}
Event: 10.039 GC heap before
{Heap before GC invocations=16 (full 5):
 PSYoungGen      total 202240K, used 190467K [0x00000000e0000000, 0x00000000edd00000, 0x0000000100000000)
  eden space 182272K, 100% used [0x00000000e0000000,0x00000000eb200000,0x00000000eb200000)
  from space 19968K, 41% used [0x00000000ec980000,0x00000000ed180d28,0x00000000edd00000)
  to   space 22016K, 0% used [0x00000000eb200000,0x00000000eb200000,0x00000000ec780000)
 ParOldGen       total 233472K, used 36696K [0x00000000a0000000, 0x00000000ae400000, 0x00000000e0000000)
  object space 233472K, 15% used [0x00000000a0000000,0x00000000a23d6000,0x00000000ae400000)
 Metaspace       used 70246K, capacity 78061K, committed 78464K, reserved 1118208K
  class space    used 9768K, capacity 10221K, committed 10368K, reserved 1048576K
Event: 10.045 GC heap after
Heap after GC invocations=16 (full 5):
 PSYoungGen      total 204288K, used 7859K [0x00000000e0000000, 0x00000000ef880000, 0x0000000100000000)
  eden space 182272K, 0% used [0x00000000e0000000,0x00000000e0000000,0x00000000eb200000)
  from space 22016K, 35% used [0x00000000eb200000,0x00000000eb9acd18,0x00000000ec780000)
  to   space 20992K, 0% used [0x00000000ee400000,0x00000000ee400000,0x00000000ef880000)
 ParOldGen       total 233472K, used 36704K [0x00000000a0000000, 0x00000000ae400000, 0x00000000e0000000)
  object space 233472K, 15% used [0x00000000a0000000,0x00000000a23d8000,0x00000000ae400000)
 Metaspace       used 70246K, capacity 78061K, committed 78464K, reserved 1118208K
  class space    used 9768K, capacity 10221K, committed 10368K, reserved 1048576K
}
Event: 10.818 GC heap before
{Heap before GC invocations=17 (full 5):
 PSYoungGen      total 204288K, used 190131K [0x00000000e0000000, 0x00000000ef880000, 0x0000000100000000)
  eden space 182272K, 100% used [0x00000000e0000000,0x00000000eb200000,0x00000000eb200000)
  from space 22016K, 35% used [0x00000000eb200000,0x00000000eb9acd18,0x00000000ec780000)
  to   space 20992K, 0% used [0x00000000ee400000,0x00000000ee400000,0x00000000ef880000)
 ParOldGen       total 233472K, used 36704K [0x00000000a0000000, 0x00000000ae400000, 0x00000000e0000000)
  object space 233472K, 15% used [0x00000000a0000000,0x00000000a23d8000,0x00000000ae400000)
 Metaspace       used 71416K, capacity 79519K, committed 79872K, reserved 1118208K
  class space    used 9916K, capacity 10398K, committed 10496K, reserved 1048576K
Event: 10.826 GC heap after
Heap after GC invocations=17 (full 5):
 PSYoungGen      total 229376K, used 7909K [0x00000000e0000000, 0x00000000ef600000, 0x0000000100000000)
  eden space 210944K, 0% used [0x00000000e0000000,0x00000000e0000000,0x00000000ece00000)
  from space 18432K, 42% used [0x00000000ee400000,0x00000000eebb95d8,0x00000000ef600000)
  to   space 20480K, 0% used [0x00000000ece00000,0x00000000ece00000,0x00000000ee200000)
 ParOldGen       total 233472K, used 36712K [0x00000000a0000000, 0x00000000ae400000, 0x00000000e0000000)
  object space 233472K, 15% used [0x00000000a0000000,0x00000000a23da000,0x00000000ae400000)
 Metaspace       used 71416K, capacity 79519K, committed 79872K, reserved 1118208K
  class space    used 9916K, capacity 10398K, committed 10496K, reserved 1048576K
}
Event: 14.044 GC heap before
{Heap before GC invocations=18 (full 5):
 PSYoungGen      total 229376K, used 218853K [0x00000000e0000000, 0x00000000ef600000, 0x0000000100000000)
  eden space 210944K, 100% used [0x00000000e0000000,0x00000000ece00000,0x00000000ece00000)
  from space 18432K, 42% used [0x00000000ee400000,0x00000000eebb95d8,0x00000000ef600000)
  to   space 20480K, 0% used [0x00000000ece00000,0x00000000ece00000,0x00000000ee200000)
 ParOldGen       total 233472K, used 36712K [0x00000000a0000000, 0x00000000ae400000, 0x00000000e0000000)
  object space 233472K, 15% used [0x00000000a0000000,0x00000000a23da000,0x00000000ae400000)
 Metaspace       used 83536K, capacity 94775K, committed 94976K, reserved 1132544K
  class space    used 11592K, capacity 12264K, committed 12288K, reserved 1048576K
Event: 14.069 GC heap after
Heap after GC invocations=18 (full 5):
 PSYoungGen      total 231424K, used 20462K [0x00000000e0000000, 0x00000000ef600000, 0x0000000100000000)
  eden space 210944K, 0% used [0x00000000e0000000,0x00000000e0000000,0x00000000ece00000)
  from space 20480K, 99% used [0x00000000ece00000,0x00000000ee1fbb00,0x00000000ee200000)
  to   space 18432K, 0% used [0x00000000ee400000,0x00000000ee400000,0x00000000ef600000)
 ParOldGen       total 233472K, used 56751K [0x00000000a0000000, 0x00000000ae400000, 0x00000000e0000000)
  object space 233472K, 24% used [0x00000000a0000000,0x00000000a376bd40,0x00000000ae400000)
 Metaspace       used 83536K, capacity 94775K, committed 94976K, reserved 1132544K
  class space    used 11592K, capacity 12264K, committed 12288K, reserved 1048576K
}
Event: 14.478 GC heap before
{Heap before GC invocations=19 (full 5):
 PSYoungGen      total 231424K, used 231406K [0x00000000e0000000, 0x00000000ef600000, 0x0000000100000000)
  eden space 210944K, 100% used [0x00000000e0000000,0x00000000ece00000,0x00000000ece00000)
  from space 20480K, 99% used [0x00000000ece00000,0x00000000ee1fbb00,0x00000000ee200000)
  to   space 18432K, 0% used [0x00000000ee400000,0x00000000ee400000,0x00000000ef600000)
 ParOldGen       total 233472K, used 56751K [0x00000000a0000000, 0x00000000ae400000, 0x00000000e0000000)
  object space 233472K, 24% used [0x00000000a0000000,0x00000000a376bd40,0x00000000ae400000)
 Metaspace       used 83729K, capacity 94979K, committed 95232K, reserved 1132544K
  class space    used 11602K, capacity 12264K, committed 12288K, reserved 1048576K
Event: 14.518 GC heap after
Heap after GC invocations=19 (full 5):
 PSYoungGen      total 229376K, used 18418K [0x00000000e0000000, 0x00000000ef600000, 0x0000000100000000)
  eden space 210944K, 0% used [0x00000000e0000000,0x00000000e0000000,0x00000000ece00000)
  from space 18432K, 99% used [0x00000000ee400000,0x00000000ef5fcbd0,0x00000000ef600000)
  to   space 20480K, 0% used [0x00000000ece00000,0x00000000ece00000,0x00000000ee200000)
 ParOldGen       total 233472K, used 96795K [0x00000000a0000000, 0x00000000ae400000, 0x00000000e0000000)
  object space 233472K, 41% used [0x00000000a0000000,0x00000000a5e86f18,0x00000000ae400000)
 Metaspace       used 83729K, capacity 94979K, committed 95232K, reserved 1132544K
  class space    used 11602K, capacity 12264K, committed 12288K, reserved 1048576K
}

