# JRE version: Java(TM) SE Runtime Environment (8.0_191-b12) (build 1.8.0_191-b12)
# Java VM: Java HotSpot(TM) 64-Bit Server VM (25.191-b12 mixed mode windows-amd64 compressed oops)
Heap:
 PSYoungGen      total 119808K, used 4474K [0x00000000e0000000, 0x00000000e9c80000, 0x0000000100000000)
  eden space 109056K, 4% used [0x00000000e0000000,0x00000000e045eaf0,0x00000000e6a80000)
  from space 10752K, 0% used [0x00000000e6a80000,0x00000000e6a80000,0x00000000e7500000)
  to   space 24064K, 0% used [0x00000000e8500000,0x00000000e8500000,0x00000000e9c80000)
 ParOldGen       total 244224K, used 34770K [0x00000000a0000000, 0x00000000aee80000, 0x00000000e0000000)
  object space 244224K, 14% used [0x00000000a0000000,0x00000000a21f4958,0x00000000aee80000)
 Metaspace       used 53643K, capacity 59285K, committed 59392K, reserved 1101824K
  class space    used 7575K, capacity 7909K, committed 7936K, reserved 1048576K
GC Heap History (10 events):
Event: 3.337 GC heap before
{Heap before GC invocations=4 (full 1):
 PSYoungGen      total 75776K, used 65024K [0x00000000e0000000, 0x00000000e9400000, 0x0000000100000000)
  eden space 65024K, 100% used [0x00000000e0000000,0x00000000e3f80000,0x00000000e3f80000)
  from space 10752K, 0% used [0x00000000e4a00000,0x00000000e4a00000,0x00000000e5480000)
  to   space 10752K, 0% used [0x00000000e3f80000,0x00000000e3f80000,0x00000000e4a00000)
 ParOldGen       total 91648K, used 6490K [0x00000000a0000000, 0x00000000a5980000, 0x00000000e0000000)
  object space 91648K, 7% used [0x00000000a0000000,0x00000000a0656ba8,0x00000000a5980000)
 Metaspace       used 33628K, capacity 35364K, committed 35416K, reserved 1079296K
  class space    used 4863K, capacity 5120K, committed 5120K, reserved 1048576K
Event: 3.347 GC heap after
Heap after GC invocations=4 (full 1):
 PSYoungGen      total 75776K, used 10736K [0x00000000e0000000, 0x00000000e8080000, 0x0000000100000000)
  eden space 65024K, 0% used [0x00000000e0000000,0x00000000e0000000,0x00000000e3f80000)
  from space 10752K, 99% used [0x00000000e3f80000,0x00000000e49fc2b8,0x00000000e4a00000)
  to   space 10752K, 0% used [0x00000000e7600000,0x00000000e7600000,0x00000000e8080000)
 ParOldGen       total 91648K, used 8691K [0x00000000a0000000, 0x00000000a5980000, 0x00000000e0000000)
  object space 91648K, 9% used [0x00000000a0000000,0x00000000a087ce90,0x00000000a5980000)
 Metaspace       used 33628K, capacity 35364K, committed 35416K, reserved 1079296K
  class space    used 4863K, capacity 5120K, committed 5120K, reserved 1048576K
}
Event: 3.347 GC heap before
{Heap before GC invocations=5 (full 2):
 PSYoungGen      total 75776K, used 10736K [0x00000000e0000000, 0x00000000e8080000, 0x0000000100000000)
  eden space 65024K, 0% used [0x00000000e0000000,0x00000000e0000000,0x00000000e3f80000)
  from space 10752K, 99% used [0x00000000e3f80000,0x00000000e49fc2b8,0x00000000e4a00000)
  to   space 10752K, 0% used [0x00000000e7600000,0x00000000e7600000,0x00000000e8080000)
 ParOldGen       total 91648K, used 8691K [0x00000000a0000000, 0x00000000a5980000, 0x00000000e0000000)
  object space 91648K, 9% used [0x00000000a0000000,0x00000000a087ce90,0x00000000a5980000)
 Metaspace       used 33628K, capacity 35364K, committed 35416K, reserved 1079296K
  class space    used 4863K, capacity 5120K, committed 5120K, reserved 1048576K
Event: 3.419 GC heap after
Heap after GC invocations=5 (full 2):
 PSYoungGen      total 75776K, used 0K [0x00000000e0000000, 0x00000000e8080000, 0x0000000100000000)
  eden space 65024K, 0% used [0x00000000e0000000,0x00000000e0000000,0x00000000e3f80000)
  from space 10752K, 0% used [0x00000000e3f80000,0x00000000e3f80000,0x00000000e4a00000)
  to   space 10752K, 0% used [0x00000000e7600000,0x00000000e7600000,0x00000000e8080000)
 ParOldGen       total 159232K, used 18262K [0x00000000a0000000, 0x00000000a9b80000, 0x00000000e0000000)
  object space 159232K, 11% used [0x00000000a0000000,0x00000000a11d5bf0,0x00000000a9b80000)
 Metaspace       used 33628K, capacity 35364K, committed 35416K, reserved 1079296K
  class space    used 4863K, capacity 5120K, committed 5120K, reserved 1048576K
}
Event: 4.282 GC heap before
{Heap before GC invocations=6 (full 2):
 PSYoungGen      total 75776K, used 65024K [0x00000000e0000000, 0x00000000e8080000, 0x0000000100000000)
  eden space 65024K, 100% used [0x00000000e0000000,0x00000000e3f80000,0x00000000e3f80000)
  from space 10752K, 0% used [0x00000000e3f80000,0x00000000e3f80000,0x00000000e4a00000)
  to   space 10752K, 0% used [0x00000000e7600000,0x00000000e7600000,0x00000000e8080000)
 ParOldGen       total 159232K, used 18262K [0x00000000a0000000, 0x00000000a9b80000, 0x00000000e0000000)
  object space 159232K, 11% used [0x00000000a0000000,0x00000000a11d5bf0,0x00000000a9b80000)
 Metaspace       used 43088K, capacity 46072K, committed 46336K, reserved 1089536K
  class space    used 6093K, capacity 6361K, committed 6400K, reserved 1048576K
Event: 4.289 GC heap after
Heap after GC invocations=6 (full 2):
 PSYoungGen      total 94720K, used 9476K [0x00000000e0000000, 0x00000000e7f80000, 0x0000000100000000)
  eden space 84992K, 0% used [0x00000000e0000000,0x00000000e0000000,0x00000000e5300000)
  from space 9728K, 97% used [0x00000000e7600000,0x00000000e7f413d0,0x00000000e7f80000)
  to   space 10752K, 0% used [0x00000000e6a80000,0x00000000e6a80000,0x00000000e7500000)
 ParOldGen       total 159232K, used 18270K [0x00000000a0000000, 0x00000000a9b80000, 0x00000000e0000000)
  object space 159232K, 11% used [0x00000000a0000000,0x00000000a11d7bf0,0x00000000a9b80000)
 Metaspace       used 43088K, capacity 46072K, committed 46336K, reserved 1089536K
  class space    used 6093K, capacity 6361K, committed 6400K, reserved 1048576K
}
Event: 5.105 GC heap before
{Heap before GC invocations=7 (full 2):
 PSYoungGen      total 94720K, used 92734K [0x00000000e0000000, 0x00000000e7f80000, 0x0000000100000000)
  eden space 84992K, 97% used [0x00000000e0000000,0x00000000e514e7e0,0x00000000e5300000)
  from space 9728K, 97% used [0x00000000e7600000,0x00000000e7f413d0,0x00000000e7f80000)
  to   space 10752K, 0% used [0x00000000e6a80000,0x00000000e6a80000,0x00000000e7500000)
 ParOldGen       total 159232K, used 18270K [0x00000000a0000000, 0x00000000a9b80000, 0x00000000e0000000)
  object space 159232K, 11% used [0x00000000a0000000,0x00000000a11d7bf0,0x00000000a9b80000)
 Metaspace       used 53419K, capacity 58925K, committed 59028K, reserved 1099776K
  class space    used 7532K, capacity 7868K, committed 7936K, reserved 1048576K
Event: 5.120 GC heap after
Heap after GC invocations=7 (full 2):
 PSYoungGen      total 119808K, used 10723K [0x00000000e0000000, 0x00000000e9c80000, 0x0000000100000000)
  eden space 109056K, 0% used [0x00000000e0000000,0x00000000e0000000,0x00000000e6a80000)
  from space 10752K, 99% used [0x00000000e6a80000,0x00000000e74f8cf8,0x00000000e7500000)
  to   space 24064K, 0% used [0x00000000e8500000,0x00000000e8500000,0x00000000e9c80000)
 ParOldGen       total 159232K, used 32035K [0x00000000a0000000, 0x00000000a9b80000, 0x00000000e0000000)
  object space 159232K, 20% used [0x00000000a0000000,0x00000000a1f48e78,0x00000000a9b80000)
 Metaspace       used 53419K, capacity 58925K, committed 59028K, reserved 1099776K
  class space    used 7532K, capacity 7868K, committed 7936K, reserved 1048576K
}
Event: 5.120 GC heap before
{Heap before GC invocations=8 (full 3):
 PSYoungGen      total 119808K, used 10723K [0x00000000e0000000, 0x00000000e9c80000, 0x0000000100000000)
  eden space 109056K, 0% used [0x00000000e0000000,0x00000000e0000000,0x00000000e6a80000)
  from space 10752K, 99% used [0x00000000e6a80000,0x00000000e74f8cf8,0x00000000e7500000)
  to   space 24064K, 0% used [0x00000000e8500000,0x00000000e8500000,0x00000000e9c80000)
 ParOldGen       total 159232K, used 32035K [0x00000000a0000000, 0x00000000a9b80000, 0x00000000e0000000)
  object space 159232K, 20% used [0x00000000a0000000,0x00000000a1f48e78,0x00000000a9b80000)
 Metaspace       used 53419K, capacity 58925K, committed 59028K, reserved 1099776K
  class space    used 7532K, capacity 7868K, committed 7936K, reserved 1048576K
Event: 5.219 GC heap after
Heap after GC invocations=8 (full 3):
 PSYoungGen      total 119808K, used 0K [0x00000000e0000000, 0x00000000e9c80000, 0x0000000100000000)
  eden space 109056K, 0% used [0x00000000e0000000,0x00000000e0000000,0x00000000e6a80000)
  from space 10752K, 0% used [0x00000000e6a80000,0x00000000e6a80000,0x00000000e7500000)
  to   space 24064K, 0% used [0x00000000e8500000,0x00000000e8500000,0x00000000e9c80000)
 ParOldGen       total 244224K, used 34770K [0x00000000a0000000, 0x00000000aee80000, 0x00000000e0000000)
  object space 244224K, 14% used [0x00000000a0000000,0x00000000a21f4958,0x00000000aee80000)
 Metaspace       used 53413K, capacity 58915K, committed 59028K, reserved 1099776K
  class space    used 7531K, capacity 7866K, committed 7936K, reserved 1048576K
}

