# JRE version: Java(TM) SE Runtime Environment (8.0_191-b12) (build 1.8.0_191-b12)
# Java VM: Java HotSpot(TM) 64-Bit Server VM (25.191-b12 mixed mode windows-amd64 compressed oops)
Heap:
 PSYoungGen      total 360960K, used 183472K [0x00000000e0000000, 0x00000000fdf00000, 0x0000000100000000)
  eden space 284672K, 46% used [0x00000000e0000000,0x00000000e8074dd8,0x00000000f1600000)
  from space 76288K, 68% used [0x00000000f1600000,0x00000000f48b7268,0x00000000f6080000)
  to   space 79360K, 0% used [0x00000000f9180000,0x00000000f9180000,0x00000000fdf00000)
 ParOldGen       total 340992K, used 72241K [0x00000000a0000000, 0x00000000b4d00000, 0x00000000e0000000)
  object space 340992K, 21% used [0x00000000a0000000,0x00000000a468c4f0,0x00000000b4d00000)
 Metaspace       used 89954K, capacity 101513K, committed 101632K, reserved 1138688K
  class space    used 12233K, capacity 12967K, committed 13056K, reserved 1048576K
GC Heap History (10 events):
Event: 12.429 GC heap before
{Heap before GC invocations=23 (full 6):
 PSYoungGen      total 258048K, used 240968K [0x00000000e0000000, 0x00000000f3d80000, 0x0000000100000000)
  eden space 200704K, 100% used [0x00000000e0000000,0x00000000ec400000,0x00000000ec400000)
  from space 57344K, 70% used [0x00000000eff00000,0x00000000f2652360,0x00000000f3700000)
  to   space 60416K, 0% used [0x00000000ec400000,0x00000000ec400000,0x00000000eff00000)
 ParOldGen       total 340992K, used 72201K [0x00000000a0000000, 0x00000000b4d00000, 0x00000000e0000000)
  object space 340992K, 21% used [0x00000000a0000000,0x00000000a46824f0,0x00000000b4d00000)
 Metaspace       used 84724K, capacity 96119K, committed 96384K, reserved 1134592K
  class space    used 11666K, capacity 12357K, committed 12416K, reserved 1048576K
Event: 12.443 GC heap after
Heap after GC invocations=23 (full 6):
 PSYoungGen      total 261120K, used 39392K [0x00000000e0000000, 0x00000000f7180000, 0x0000000100000000)
  eden space 200704K, 0% used [0x00000000e0000000,0x00000000e0000000,0x00000000ec400000)
  from space 60416K, 65% used [0x00000000ec400000,0x00000000eea78388,0x00000000eff00000)
  to   space 62464K, 0% used [0x00000000f3480000,0x00000000f3480000,0x00000000f7180000)
 ParOldGen       total 340992K, used 72209K [0x00000000a0000000, 0x00000000b4d00000, 0x00000000e0000000)
  object space 340992K, 21% used [0x00000000a0000000,0x00000000a46844f0,0x00000000b4d00000)
 Metaspace       used 84724K, capacity 96119K, committed 96384K, reserved 1134592K
  class space    used 11666K, capacity 12357K, committed 12416K, reserved 1048576K
}
Event: 12.963 GC heap before
{Heap before GC invocations=24 (full 6):
 PSYoungGen      total 261120K, used 240096K [0x00000000e0000000, 0x00000000f7180000, 0x0000000100000000)
  eden space 200704K, 100% used [0x00000000e0000000,0x00000000ec400000,0x00000000ec400000)
  from space 60416K, 65% used [0x00000000ec400000,0x00000000eea78388,0x00000000eff00000)
  to   space 62464K, 0% used [0x00000000f3480000,0x00000000f3480000,0x00000000f7180000)
 ParOldGen       total 340992K, used 72209K [0x00000000a0000000, 0x00000000b4d00000, 0x00000000e0000000)
  object space 340992K, 21% used [0x00000000a0000000,0x00000000a46844f0,0x00000000b4d00000)
 Metaspace       used 84849K, capacity 96187K, committed 96384K, reserved 1134592K
  class space    used 11666K, capacity 12357K, committed 12416K, reserved 1048576K
Event: 12.981 GC heap after
Heap after GC invocations=24 (full 6):
 PSYoungGen      total 312320K, used 44384K [0x00000000e0000000, 0x00000000f7680000, 0x0000000100000000)
  eden space 249856K, 0% used [0x00000000e0000000,0x00000000e0000000,0x00000000ef400000)
  from space 62464K, 71% used [0x00000000f3480000,0x00000000f5fd8240,0x00000000f7180000)
  to   space 66048K, 0% used [0x00000000ef400000,0x00000000ef400000,0x00000000f3480000)
 ParOldGen       total 340992K, used 72217K [0x00000000a0000000, 0x00000000b4d00000, 0x00000000e0000000)
  object space 340992K, 21% used [0x00000000a0000000,0x00000000a46864f0,0x00000000b4d00000)
 Metaspace       used 84849K, capacity 96187K, committed 96384K, reserved 1134592K
  class space    used 11666K, capacity 12357K, committed 12416K, reserved 1048576K
}
Event: 13.661 GC heap before
{Heap before GC invocations=25 (full 6):
 PSYoungGen      total 312320K, used 294240K [0x00000000e0000000, 0x00000000f7680000, 0x0000000100000000)
  eden space 249856K, 100% used [0x00000000e0000000,0x00000000ef400000,0x00000000ef400000)
  from space 62464K, 71% used [0x00000000f3480000,0x00000000f5fd8240,0x00000000f7180000)
  to   space 66048K, 0% used [0x00000000ef400000,0x00000000ef400000,0x00000000f3480000)
 ParOldGen       total 340992K, used 72217K [0x00000000a0000000, 0x00000000b4d00000, 0x00000000e0000000)
  object space 340992K, 21% used [0x00000000a0000000,0x00000000a46864f0,0x00000000b4d00000)
 Metaspace       used 85040K, capacity 96447K, committed 96640K, reserved 1134592K
  class space    used 11666K, capacity 12357K, committed 12416K, reserved 1048576K
Event: 13.680 GC heap after
Heap after GC invocations=25 (full 6):
 PSYoungGen      total 315904K, used 52277K [0x00000000e0000000, 0x00000000fa600000, 0x0000000100000000)
  eden space 249856K, 0% used [0x00000000e0000000,0x00000000e0000000,0x00000000ef400000)
  from space 66048K, 79% used [0x00000000ef400000,0x00000000f270d6f0,0x00000000f3480000)
  to   space 71168K, 0% used [0x00000000f6080000,0x00000000f6080000,0x00000000fa600000)
 ParOldGen       total 340992K, used 72225K [0x00000000a0000000, 0x00000000b4d00000, 0x00000000e0000000)
  object space 340992K, 21% used [0x00000000a0000000,0x00000000a46884f0,0x00000000b4d00000)
 Metaspace       used 85040K, capacity 96447K, committed 96640K, reserved 1134592K
  class space    used 11666K, capacity 12357K, committed 12416K, reserved 1048576K
}
Event: 16.261 GC heap before
{Heap before GC invocations=26 (full 6):
 PSYoungGen      total 315904K, used 302133K [0x00000000e0000000, 0x00000000fa600000, 0x0000000100000000)
  eden space 249856K, 100% used [0x00000000e0000000,0x00000000ef400000,0x00000000ef400000)
  from space 66048K, 79% used [0x00000000ef400000,0x00000000f270d6f0,0x00000000f3480000)
  to   space 71168K, 0% used [0x00000000f6080000,0x00000000f6080000,0x00000000fa600000)
 ParOldGen       total 340992K, used 72225K [0x00000000a0000000, 0x00000000b4d00000, 0x00000000e0000000)
  object space 340992K, 21% used [0x00000000a0000000,0x00000000a46884f0,0x00000000b4d00000)
 Metaspace       used 89951K, capacity 101513K, committed 101632K, reserved 1138688K
  class space    used 12232K, capacity 12967K, committed 13056K, reserved 1048576K
Event: 16.282 GC heap after
Heap after GC invocations=26 (full 6):
 PSYoungGen      total 355840K, used 54951K [0x00000000e0000000, 0x00000000fab00000, 0x0000000100000000)
  eden space 284672K, 0% used [0x00000000e0000000,0x00000000e0000000,0x00000000f1600000)
  from space 71168K, 77% used [0x00000000f6080000,0x00000000f9629c48,0x00000000fa600000)
  to   space 76288K, 0% used [0x00000000f1600000,0x00000000f1600000,0x00000000f6080000)
 ParOldGen       total 340992K, used 72241K [0x00000000a0000000, 0x00000000b4d00000, 0x00000000e0000000)
  object space 340992K, 21% used [0x00000000a0000000,0x00000000a468c4f0,0x00000000b4d00000)
 Metaspace       used 89951K, capacity 101513K, committed 101632K, reserved 1138688K
  class space    used 12232K, capacity 12967K, committed 13056K, reserved 1048576K
}
Event: 16.523 GC heap before
{Heap before GC invocations=27 (full 6):
 PSYoungGen      total 355840K, used 339623K [0x00000000e0000000, 0x00000000fab00000, 0x0000000100000000)
  eden space 284672K, 100% used [0x00000000e0000000,0x00000000f1600000,0x00000000f1600000)
  from space 71168K, 77% used [0x00000000f6080000,0x00000000f9629c48,0x00000000fa600000)
  to   space 76288K, 0% used [0x00000000f1600000,0x00000000f1600000,0x00000000f6080000)
 ParOldGen       total 340992K, used 72241K [0x00000000a0000000, 0x00000000b4d00000, 0x00000000e0000000)
  object space 340992K, 21% used [0x00000000a0000000,0x00000000a468c4f0,0x00000000b4d00000)
 Metaspace       used 89954K, capacity 101513K, committed 101632K, reserved 1138688K
  class space    used 12232K, capacity 12967K, committed 13056K, reserved 1048576K
Event: 16.542 GC heap after
Heap after GC invocations=27 (full 6):
 PSYoungGen      total 360960K, used 51932K [0x00000000e0000000, 0x00000000fdf00000, 0x0000000100000000)
  eden space 284672K, 0% used [0x00000000e0000000,0x00000000e0000000,0x00000000f1600000)
  from space 76288K, 68% used [0x00000000f1600000,0x00000000f48b7268,0x00000000f6080000)
  to   space 79360K, 0% used [0x00000000f9180000,0x00000000f9180000,0x00000000fdf00000)
 ParOldGen       total 340992K, used 72241K [0x00000000a0000000, 0x00000000b4d00000, 0x00000000e0000000)
  object space 340992K, 21% used [0x00000000a0000000,0x00000000a468c4f0,0x00000000b4d00000)
 Metaspace       used 89954K, capacity 101513K, committed 101632K, reserved 1138688K
  class space    used 12232K, capacity 12967K, committed 13056K, reserved 1048576K
}

