# JRE version: Java(TM) SE Runtime Environment (8.0_191-b12) (build 1.8.0_191-b12)
# Java VM: Java HotSpot(TM) 64-Bit Server VM (25.191-b12 mixed mode windows-amd64 compressed oops)
Heap:
 PSYoungGen      total 146944K, used 41555K [0x00000000e0000000, 0x00000000ec000000, 0x0000000100000000)
  eden space 124416K, 29% used [0x00000000e0000000,0x00000000e238ddd8,0x00000000e7980000)
  from space 22528K, 22% used [0x00000000e7980000,0x00000000e7e871e0,0x00000000e8f80000)
  to   space 22528K, 0% used [0x00000000eaa00000,0x00000000eaa00000,0x00000000ec000000)
 ParOldGen       total 274432K, used 36841K [0x00000000a0000000, 0x00000000b0c00000, 0x00000000e0000000)
  object space 274432K, 13% used [0x00000000a0000000,0x00000000a23fa578,0x00000000b0c00000)
 Metaspace       used 68500K, capacity 76505K, committed 76800K, reserved 1116160K
  class space    used 9671K, capacity 10173K, committed 10240K, reserved 1048576K
GC Heap History (10 events):
Event: 12.006 GC heap before
{Heap before GC invocations=10 (full 3):
 PSYoungGen      total 132608K, used 113485K [0x00000000e0000000, 0x00000000ea600000, 0x0000000100000000)
  eden space 109056K, 92% used [0x00000000e0000000,0x00000000e6203d40,0x00000000e6a80000)
  from space 23552K, 55% used [0x00000000e8000000,0x00000000e8ccf6c0,0x00000000e9700000)
  to   space 22016K, 0% used [0x00000000e6a80000,0x00000000e6a80000,0x00000000e8000000)
 ParOldGen       total 274432K, used 34484K [0x00000000a0000000, 0x00000000b0c00000, 0x00000000e0000000)
  object space 274432K, 12% used [0x00000000a0000000,0x00000000a21ad270,0x00000000b0c00000)
 Metaspace       used 66780K, capacity 74727K, committed 74880K, reserved 1114112K
  class space    used 9585K, capacity 10077K, committed 10112K, reserved 1048576K
Event: 12.014 GC heap after
Heap after GC invocations=10 (full 3):
 PSYoungGen      total 131072K, used 11135K [0x00000000e0000000, 0x00000000ea400000, 0x0000000100000000)
  eden space 109056K, 0% used [0x00000000e0000000,0x00000000e0000000,0x00000000e6a80000)
  from space 22016K, 50% used [0x00000000e6a80000,0x00000000e755fc20,0x00000000e8000000)
  to   space 20992K, 0% used [0x00000000e8f80000,0x00000000e8f80000,0x00000000ea400000)
 ParOldGen       total 274432K, used 34492K [0x00000000a0000000, 0x00000000b0c00000, 0x00000000e0000000)
  object space 274432K, 12% used [0x00000000a0000000,0x00000000a21af270,0x00000000b0c00000)
 Metaspace       used 66780K, capacity 74727K, committed 74880K, reserved 1114112K
  class space    used 9585K, capacity 10077K, committed 10112K, reserved 1048576K
}
Event: 12.014 GC heap before
{Heap before GC invocations=11 (full 4):
 PSYoungGen      total 131072K, used 11135K [0x00000000e0000000, 0x00000000ea400000, 0x0000000100000000)
  eden space 109056K, 0% used [0x00000000e0000000,0x00000000e0000000,0x00000000e6a80000)
  from space 22016K, 50% used [0x00000000e6a80000,0x00000000e755fc20,0x00000000e8000000)
  to   space 20992K, 0% used [0x00000000e8f80000,0x00000000e8f80000,0x00000000ea400000)
 ParOldGen       total 274432K, used 34492K [0x00000000a0000000, 0x00000000b0c00000, 0x00000000e0000000)
  object space 274432K, 12% used [0x00000000a0000000,0x00000000a21af270,0x00000000b0c00000)
 Metaspace       used 66780K, capacity 74727K, committed 74880K, reserved 1114112K
  class space    used 9585K, capacity 10077K, committed 10112K, reserved 1048576K
Event: 12.320 GC heap after
Heap after GC invocations=11 (full 4):
 PSYoungGen      total 131072K, used 0K [0x00000000e0000000, 0x00000000ea400000, 0x0000000100000000)
  eden space 109056K, 0% used [0x00000000e0000000,0x00000000e0000000,0x00000000e6a80000)
  from space 22016K, 0% used [0x00000000e6a80000,0x00000000e6a80000,0x00000000e8000000)
  to   space 20992K, 0% used [0x00000000e8f80000,0x00000000e8f80000,0x00000000ea400000)
 ParOldGen       total 274432K, used 40598K [0x00000000a0000000, 0x00000000b0c00000, 0x00000000e0000000)
  object space 274432K, 14% used [0x00000000a0000000,0x00000000a27a5910,0x00000000b0c00000)
 Metaspace       used 66496K, capacity 74137K, committed 74880K, reserved 1114112K
  class space    used 9482K, capacity 9957K, committed 10112K, reserved 1048576K
}
Event: 12.324 GC heap before
{Heap before GC invocations=12 (full 4):
 PSYoungGen      total 131072K, used 2200K [0x00000000e0000000, 0x00000000ea400000, 0x0000000100000000)
  eden space 109056K, 2% used [0x00000000e0000000,0x00000000e0226348,0x00000000e6a80000)
  from space 22016K, 0% used [0x00000000e6a80000,0x00000000e6a80000,0x00000000e8000000)
  to   space 20992K, 0% used [0x00000000e8f80000,0x00000000e8f80000,0x00000000ea400000)
 ParOldGen       total 274432K, used 40598K [0x00000000a0000000, 0x00000000b0c00000, 0x00000000e0000000)
  object space 274432K, 14% used [0x00000000a0000000,0x00000000a27a5910,0x00000000b0c00000)
 Metaspace       used 66498K, capacity 74137K, committed 74880K, reserved 1114112K
  class space    used 9483K, capacity 9957K, committed 10112K, reserved 1048576K
Event: 12.326 GC heap after
Heap after GC invocations=12 (full 4):
 PSYoungGen      total 145408K, used 128K [0x00000000e0000000, 0x00000000ea700000, 0x0000000100000000)
  eden space 124416K, 0% used [0x00000000e0000000,0x00000000e0000000,0x00000000e7980000)
  from space 20992K, 0% used [0x00000000e8f80000,0x00000000e8fa0000,0x00000000ea400000)
  to   space 22528K, 0% used [0x00000000e7980000,0x00000000e7980000,0x00000000e8f80000)
 ParOldGen       total 274432K, used 40598K [0x00000000a0000000, 0x00000000b0c00000, 0x00000000e0000000)
  object space 274432K, 14% used [0x00000000a0000000,0x00000000a27a5910,0x00000000b0c00000)
 Metaspace       used 66498K, capacity 74137K, committed 74880K, reserved 1114112K
  class space    used 9483K, capacity 9957K, committed 10112K, reserved 1048576K
}
Event: 12.326 GC heap before
{Heap before GC invocations=13 (full 5):
 PSYoungGen      total 145408K, used 128K [0x00000000e0000000, 0x00000000ea700000, 0x0000000100000000)
  eden space 124416K, 0% used [0x00000000e0000000,0x00000000e0000000,0x00000000e7980000)
  from space 20992K, 0% used [0x00000000e8f80000,0x00000000e8fa0000,0x00000000ea400000)
  to   space 22528K, 0% used [0x00000000e7980000,0x00000000e7980000,0x00000000e8f80000)
 ParOldGen       total 274432K, used 40598K [0x00000000a0000000, 0x00000000b0c00000, 0x00000000e0000000)
  object space 274432K, 14% used [0x00000000a0000000,0x00000000a27a5910,0x00000000b0c00000)
 Metaspace       used 66498K, capacity 74137K, committed 74880K, reserved 1114112K
  class space    used 9483K, capacity 9957K, committed 10112K, reserved 1048576K
Event: 12.547 GC heap after
Heap after GC invocations=13 (full 5):
 PSYoungGen      total 145408K, used 0K [0x00000000e0000000, 0x00000000ea700000, 0x0000000100000000)
  eden space 124416K, 0% used [0x00000000e0000000,0x00000000e0000000,0x00000000e7980000)
  from space 20992K, 0% used [0x00000000e8f80000,0x00000000e8f80000,0x00000000ea400000)
  to   space 22528K, 0% used [0x00000000e7980000,0x00000000e7980000,0x00000000e8f80000)
 ParOldGen       total 274432K, used 36833K [0x00000000a0000000, 0x00000000b0c00000, 0x00000000e0000000)
  object space 274432K, 13% used [0x00000000a0000000,0x00000000a23f8578,0x00000000b0c00000)
 Metaspace       used 66498K, capacity 74137K, committed 74880K, reserved 1114112K
  class space    used 9483K, capacity 9957K, committed 10112K, reserved 1048576K
}
Event: 13.890 GC heap before
{Heap before GC invocations=14 (full 5):
 PSYoungGen      total 145408K, used 124416K [0x00000000e0000000, 0x00000000ea700000, 0x0000000100000000)
  eden space 124416K, 100% used [0x00000000e0000000,0x00000000e7980000,0x00000000e7980000)
  from space 20992K, 0% used [0x00000000e8f80000,0x00000000e8f80000,0x00000000ea400000)
  to   space 22528K, 0% used [0x00000000e7980000,0x00000000e7980000,0x00000000e8f80000)
 ParOldGen       total 274432K, used 36833K [0x00000000a0000000, 0x00000000b0c00000, 0x00000000e0000000)
  object space 274432K, 13% used [0x00000000a0000000,0x00000000a23f8578,0x00000000b0c00000)
 Metaspace       used 67004K, capacity 74711K, committed 75392K, reserved 1114112K
  class space    used 9501K, capacity 9976K, committed 10112K, reserved 1048576K
Event: 13.894 GC heap after
Heap after GC invocations=14 (full 5):
 PSYoungGen      total 146944K, used 5148K [0x00000000e0000000, 0x00000000ec000000, 0x0000000100000000)
  eden space 124416K, 0% used [0x00000000e0000000,0x00000000e0000000,0x00000000e7980000)
  from space 22528K, 22% used [0x00000000e7980000,0x00000000e7e871e0,0x00000000e8f80000)
  to   space 22528K, 0% used [0x00000000eaa00000,0x00000000eaa00000,0x00000000ec000000)
 ParOldGen       total 274432K, used 36841K [0x00000000a0000000, 0x00000000b0c00000, 0x00000000e0000000)
  object space 274432K, 13% used [0x00000000a0000000,0x00000000a23fa578,0x00000000b0c00000)
 Metaspace       used 67004K, capacity 74711K, committed 75392K, reserved 1114112K
  class space    used 9501K, capacity 9976K, committed 10112K, reserved 1048576K
}

