# JRE version: Java(TM) SE Runtime Environment (8.0_191-b12) (build 1.8.0_191-b12)
# Java VM: Java HotSpot(TM) 64-Bit Server VM (25.191-b12 mixed mode windows-amd64 compressed oops)
Heap:
 PSYoungGen      total 119808K, used 84338K [0x00000000e0000000, 0x00000000e9d00000, 0x0000000100000000)
  eden space 109056K, 77% used [0x00000000e0000000,0x00000000e525caf0,0x00000000e6a80000)
  from space 10752K, 0% used [0x00000000e6a80000,0x00000000e6a80000,0x00000000e7500000)
  to   space 23552K, 0% used [0x00000000e8600000,0x00000000e8600000,0x00000000e9d00000)
 ParOldGen       total 160256K, used 34743K [0x00000000a0000000, 0x00000000a9c80000, 0x00000000e0000000)
  object space 160256K, 21% used [0x00000000a0000000,0x00000000a21edd00,0x00000000a9c80000)
 Metaspace       used 59731K, capacity 66863K, committed 66944K, reserved 1107968K
  class space    used 8619K, capacity 9066K, committed 9088K, reserved 1048576K
GC Heap History (10 events):
Event: 3.432 GC heap before
{Heap before GC invocations=4 (full 1):
 PSYoungGen      total 75776K, used 65024K [0x00000000e0000000, 0x00000000e9400000, 0x0000000100000000)
  eden space 65024K, 100% used [0x00000000e0000000,0x00000000e3f80000,0x00000000e3f80000)
  from space 10752K, 0% used [0x00000000e4a00000,0x00000000e4a00000,0x00000000e5480000)
  to   space 10752K, 0% used [0x00000000e3f80000,0x00000000e3f80000,0x00000000e4a00000)
 ParOldGen       total 92672K, used 6515K [0x00000000a0000000, 0x00000000a5a80000, 0x00000000e0000000)
  object space 92672K, 7% used [0x00000000a0000000,0x00000000a065cff0,0x00000000a5a80000)
 Metaspace       used 33625K, capacity 35364K, committed 35416K, reserved 1079296K
  class space    used 4863K, capacity 5120K, committed 5120K, reserved 1048576K
Event: 3.449 GC heap after
Heap after GC invocations=4 (full 1):
 PSYoungGen      total 75776K, used 10749K [0x00000000e0000000, 0x00000000e8080000, 0x0000000100000000)
  eden space 65024K, 0% used [0x00000000e0000000,0x00000000e0000000,0x00000000e3f80000)
  from space 10752K, 99% used [0x00000000e3f80000,0x00000000e49ff6f0,0x00000000e4a00000)
  to   space 10752K, 0% used [0x00000000e7600000,0x00000000e7600000,0x00000000e8080000)
 ParOldGen       total 92672K, used 8609K [0x00000000a0000000, 0x00000000a5a80000, 0x00000000e0000000)
  object space 92672K, 9% used [0x00000000a0000000,0x00000000a0868620,0x00000000a5a80000)
 Metaspace       used 33625K, capacity 35364K, committed 35416K, reserved 1079296K
  class space    used 4863K, capacity 5120K, committed 5120K, reserved 1048576K
}
Event: 3.449 GC heap before
{Heap before GC invocations=5 (full 2):
 PSYoungGen      total 75776K, used 10749K [0x00000000e0000000, 0x00000000e8080000, 0x0000000100000000)
  eden space 65024K, 0% used [0x00000000e0000000,0x00000000e0000000,0x00000000e3f80000)
  from space 10752K, 99% used [0x00000000e3f80000,0x00000000e49ff6f0,0x00000000e4a00000)
  to   space 10752K, 0% used [0x00000000e7600000,0x00000000e7600000,0x00000000e8080000)
 ParOldGen       total 92672K, used 8609K [0x00000000a0000000, 0x00000000a5a80000, 0x00000000e0000000)
  object space 92672K, 9% used [0x00000000a0000000,0x00000000a0868620,0x00000000a5a80000)
 Metaspace       used 33625K, capacity 35364K, committed 35416K, reserved 1079296K
  class space    used 4863K, capacity 5120K, committed 5120K, reserved 1048576K
Event: 3.524 GC heap after
Heap after GC invocations=5 (full 2):
 PSYoungGen      total 75776K, used 0K [0x00000000e0000000, 0x00000000e8080000, 0x0000000100000000)
  eden space 65024K, 0% used [0x00000000e0000000,0x00000000e0000000,0x00000000e3f80000)
  from space 10752K, 0% used [0x00000000e3f80000,0x00000000e3f80000,0x00000000e4a00000)
  to   space 10752K, 0% used [0x00000000e7600000,0x00000000e7600000,0x00000000e8080000)
 ParOldGen       total 160256K, used 18259K [0x00000000a0000000, 0x00000000a9c80000, 0x00000000e0000000)
  object space 160256K, 11% used [0x00000000a0000000,0x00000000a11d4f00,0x00000000a9c80000)
 Metaspace       used 33625K, capacity 35364K, committed 35416K, reserved 1079296K
  class space    used 4863K, capacity 5120K, committed 5120K, reserved 1048576K
}
Event: 4.473 GC heap before
{Heap before GC invocations=6 (full 2):
 PSYoungGen      total 75776K, used 64589K [0x00000000e0000000, 0x00000000e8080000, 0x0000000100000000)
  eden space 65024K, 99% used [0x00000000e0000000,0x00000000e3f135c8,0x00000000e3f80000)
  from space 10752K, 0% used [0x00000000e3f80000,0x00000000e3f80000,0x00000000e4a00000)
  to   space 10752K, 0% used [0x00000000e7600000,0x00000000e7600000,0x00000000e8080000)
 ParOldGen       total 160256K, used 18259K [0x00000000a0000000, 0x00000000a9c80000, 0x00000000e0000000)
  object space 160256K, 11% used [0x00000000a0000000,0x00000000a11d4f00,0x00000000a9c80000)
 Metaspace       used 43083K, capacity 46072K, committed 46336K, reserved 1089536K
  class space    used 6093K, capacity 6361K, committed 6400K, reserved 1048576K
Event: 4.481 GC heap after
Heap after GC invocations=6 (full 2):
 PSYoungGen      total 95232K, used 9648K [0x00000000e0000000, 0x00000000e7f80000, 0x0000000100000000)
  eden space 85504K, 0% used [0x00000000e0000000,0x00000000e0000000,0x00000000e5380000)
  from space 9728K, 99% used [0x00000000e7600000,0x00000000e7f6c3a0,0x00000000e7f80000)
  to   space 10752K, 0% used [0x00000000e6a80000,0x00000000e6a80000,0x00000000e7500000)
 ParOldGen       total 160256K, used 18267K [0x00000000a0000000, 0x00000000a9c80000, 0x00000000e0000000)
  object space 160256K, 11% used [0x00000000a0000000,0x00000000a11d6f00,0x00000000a9c80000)
 Metaspace       used 43083K, capacity 46072K, committed 46336K, reserved 1089536K
  class space    used 6093K, capacity 6361K, committed 6400K, reserved 1048576K
}
Event: 5.476 GC heap before
{Heap before GC invocations=7 (full 2):
 PSYoungGen      total 95232K, used 93340K [0x00000000e0000000, 0x00000000e7f80000, 0x0000000100000000)
  eden space 85504K, 97% used [0x00000000e0000000,0x00000000e51bb000,0x00000000e5380000)
  from space 9728K, 99% used [0x00000000e7600000,0x00000000e7f6c3a0,0x00000000e7f80000)
  to   space 10752K, 0% used [0x00000000e6a80000,0x00000000e6a80000,0x00000000e7500000)
 ParOldGen       total 160256K, used 18267K [0x00000000a0000000, 0x00000000a9c80000, 0x00000000e0000000)
  object space 160256K, 11% used [0x00000000a0000000,0x00000000a11d6f00,0x00000000a9c80000)
 Metaspace       used 53447K, capacity 58955K, committed 59028K, reserved 1099776K
  class space    used 7526K, capacity 7863K, committed 7936K, reserved 1048576K
Event: 5.495 GC heap after
Heap after GC invocations=7 (full 2):
 PSYoungGen      total 119808K, used 10730K [0x00000000e0000000, 0x00000000e9d00000, 0x0000000100000000)
  eden space 109056K, 0% used [0x00000000e0000000,0x00000000e0000000,0x00000000e6a80000)
  from space 10752K, 99% used [0x00000000e6a80000,0x00000000e74fa898,0x00000000e7500000)
  to   space 23552K, 0% used [0x00000000e8600000,0x00000000e8600000,0x00000000e9d00000)
 ParOldGen       total 160256K, used 32033K [0x00000000a0000000, 0x00000000a9c80000, 0x00000000e0000000)
  object space 160256K, 19% used [0x00000000a0000000,0x00000000a1f48638,0x00000000a9c80000)
 Metaspace       used 53447K, capacity 58955K, committed 59028K, reserved 1099776K
  class space    used 7526K, capacity 7863K, committed 7936K, reserved 1048576K
}
Event: 5.495 GC heap before
{Heap before GC invocations=8 (full 3):
 PSYoungGen      total 119808K, used 10730K [0x00000000e0000000, 0x00000000e9d00000, 0x0000000100000000)
  eden space 109056K, 0% used [0x00000000e0000000,0x00000000e0000000,0x00000000e6a80000)
  from space 10752K, 99% used [0x00000000e6a80000,0x00000000e74fa898,0x00000000e7500000)
  to   space 23552K, 0% used [0x00000000e8600000,0x00000000e8600000,0x00000000e9d00000)
 ParOldGen       total 160256K, used 32033K [0x00000000a0000000, 0x00000000a9c80000, 0x00000000e0000000)
  object space 160256K, 19% used [0x00000000a0000000,0x00000000a1f48638,0x00000000a9c80000)
 Metaspace       used 53447K, capacity 58955K, committed 59028K, reserved 1099776K
  class space    used 7526K, capacity 7863K, committed 7936K, reserved 1048576K
Event: 5.604 GC heap after
Heap after GC invocations=8 (full 3):
 PSYoungGen      total 119808K, used 0K [0x00000000e0000000, 0x00000000e9d00000, 0x0000000100000000)
  eden space 109056K, 0% used [0x00000000e0000000,0x00000000e0000000,0x00000000e6a80000)
  from space 10752K, 0% used [0x00000000e6a80000,0x00000000e6a80000,0x00000000e7500000)
  to   space 23552K, 0% used [0x00000000e8600000,0x00000000e8600000,0x00000000e9d00000)
 ParOldGen       total 160256K, used 34743K [0x00000000a0000000, 0x00000000a9c80000, 0x00000000e0000000)
  object space 160256K, 21% used [0x00000000a0000000,0x00000000a21edd00,0x00000000a9c80000)
 Metaspace       used 53441K, capacity 58945K, committed 59028K, reserved 1099776K
  class space    used 7525K, capacity 7861K, committed 7936K, reserved 1048576K
}

