# JRE version: Java(TM) SE Runtime Environment (8.0_191-b12) (build 1.8.0_191-b12)
# Java VM: Java HotSpot(TM) 64-Bit Server VM (25.191-b12 mixed mode windows-amd64 compressed oops)
Heap:
 PSYoungGen      total 272896K, used 195288K [0x00000000e0000000, 0x00000000f4c80000, 0x0000000100000000)
  eden space 218624K, 71% used [0x00000000e0000000,0x00000000e97f9228,0x00000000ed580000)
  from space 54272K, 73% used [0x00000000f0d80000,0x00000000f343cde0,0x00000000f4280000)
  to   space 57344K, 0% used [0x00000000ed580000,0x00000000ed580000,0x00000000f0d80000)
 ParOldGen       total 245760K, used 84483K [0x00000000a0000000, 0x00000000af000000, 0x00000000e0000000)
  object space 245760K, 34% used [0x00000000a0000000,0x00000000a5280fc0,0x00000000af000000)
 Metaspace       used 89547K, capacity 100939K, committed 101248K, reserved 1138688K
  class space    used 12148K, capacity 12853K, committed 12928K, reserved 1048576K
GC Heap History (10 events):
Event: 18.541 GC heap before
{Heap before GC invocations=15 (full 5):
 PSYoungGen      total 158720K, used 146917K [0x00000000e0000000, 0x00000000ecf00000, 0x0000000100000000)
  eden space 135680K, 100% used [0x00000000e0000000,0x00000000e8480000,0x00000000e8480000)
  from space 23040K, 48% used [0x00000000e8480000,0x00000000e8f79670,0x00000000e9b00000)
  to   space 21504K, 0% used [0x00000000eba00000,0x00000000eba00000,0x00000000ecf00000)
 ParOldGen       total 245760K, used 36834K [0x00000000a0000000, 0x00000000af000000, 0x00000000e0000000)
  object space 245760K, 14% used [0x00000000a0000000,0x00000000a23f8bf0,0x00000000af000000)
 Metaspace       used 77237K, capacity 87159K, committed 87296K, reserved 1124352K
  class space    used 10832K, capacity 11408K, committed 11520K, reserved 1048576K
Event: 18.554 GC heap after
Heap after GC invocations=15 (full 5):
 PSYoungGen      total 185344K, used 21503K [0x00000000e0000000, 0x00000000ed100000, 0x0000000100000000)
  eden space 163840K, 0% used [0x00000000e0000000,0x00000000e0000000,0x00000000ea000000)
  from space 21504K, 99% used [0x00000000eba00000,0x00000000eceffc48,0x00000000ecf00000)
  to   space 25088K, 0% used [0x00000000ea000000,0x00000000ea000000,0x00000000eb880000)
 ParOldGen       total 245760K, used 38231K [0x00000000a0000000, 0x00000000af000000, 0x00000000e0000000)
  object space 245760K, 15% used [0x00000000a0000000,0x00000000a2555fa8,0x00000000af000000)
 Metaspace       used 77237K, capacity 87159K, committed 87296K, reserved 1124352K
  class space    used 10832K, capacity 11408K, committed 11520K, reserved 1048576K
}
Event: 20.747 GC heap before
{Heap before GC invocations=16 (full 5):
 PSYoungGen      total 185344K, used 178263K [0x00000000e0000000, 0x00000000ed100000, 0x0000000100000000)
  eden space 163840K, 95% used [0x00000000e0000000,0x00000000e9916090,0x00000000ea000000)
  from space 21504K, 99% used [0x00000000eba00000,0x00000000eceffc48,0x00000000ecf00000)
  to   space 25088K, 0% used [0x00000000ea000000,0x00000000ea000000,0x00000000eb880000)
 ParOldGen       total 245760K, used 38231K [0x00000000a0000000, 0x00000000af000000, 0x00000000e0000000)
  object space 245760K, 15% used [0x00000000a0000000,0x00000000a2555fa8,0x00000000af000000)
 Metaspace       used 80633K, capacity 91637K, committed 91904K, reserved 1128448K
  class space    used 11308K, capacity 11995K, committed 12032K, reserved 1048576K
Event: 20.797 GC heap after
Heap after GC invocations=16 (full 5):
 PSYoungGen      total 188928K, used 25082K [0x00000000e0000000, 0x00000000f0400000, 0x0000000100000000)
  eden space 163840K, 0% used [0x00000000e0000000,0x00000000e0000000,0x00000000ea000000)
  from space 25088K, 99% used [0x00000000ea000000,0x00000000eb87e9a0,0x00000000eb880000)
  to   space 38400K, 0% used [0x00000000ede80000,0x00000000ede80000,0x00000000f0400000)
 ParOldGen       total 245760K, used 64675K [0x00000000a0000000, 0x00000000af000000, 0x00000000e0000000)
  object space 245760K, 26% used [0x00000000a0000000,0x00000000a3f28fc0,0x00000000af000000)
 Metaspace       used 80633K, capacity 91637K, committed 91904K, reserved 1128448K
  class space    used 11308K, capacity 11995K, committed 12032K, reserved 1048576K
}
Event: 21.326 GC heap before
{Heap before GC invocations=17 (full 5):
 PSYoungGen      total 188928K, used 188922K [0x00000000e0000000, 0x00000000f0400000, 0x0000000100000000)
  eden space 163840K, 100% used [0x00000000e0000000,0x00000000ea000000,0x00000000ea000000)
  from space 25088K, 99% used [0x00000000ea000000,0x00000000eb87e9a0,0x00000000eb880000)
  to   space 38400K, 0% used [0x00000000ede80000,0x00000000ede80000,0x00000000f0400000)
 ParOldGen       total 245760K, used 64675K [0x00000000a0000000, 0x00000000af000000, 0x00000000e0000000)
  object space 245760K, 26% used [0x00000000a0000000,0x00000000a3f28fc0,0x00000000af000000)
 Metaspace       used 80635K, capacity 91637K, committed 91904K, reserved 1128448K
  class space    used 11308K, capacity 11995K, committed 12032K, reserved 1048576K
Event: 21.385 GC heap after
Heap after GC invocations=17 (full 5):
 PSYoungGen      total 214528K, used 38387K [0x00000000e0000000, 0x00000000f3400000, 0x0000000100000000)
  eden space 176128K, 0% used [0x00000000e0000000,0x00000000e0000000,0x00000000eac00000)
  from space 38400K, 99% used [0x00000000ede80000,0x00000000f03fcde0,0x00000000f0400000)
  to   space 51712K, 0% used [0x00000000eac00000,0x00000000eac00000,0x00000000ede80000)
 ParOldGen       total 245760K, used 84459K [0x00000000a0000000, 0x00000000af000000, 0x00000000e0000000)
  object space 245760K, 34% used [0x00000000a0000000,0x00000000a527afc0,0x00000000af000000)
 Metaspace       used 80635K, capacity 91637K, committed 91904K, reserved 1128448K
  class space    used 11308K, capacity 11995K, committed 12032K, reserved 1048576K
}
Event: 23.739 GC heap before
{Heap before GC invocations=18 (full 5):
 PSYoungGen      total 214528K, used 214515K [0x00000000e0000000, 0x00000000f3400000, 0x0000000100000000)
  eden space 176128K, 100% used [0x00000000e0000000,0x00000000eac00000,0x00000000eac00000)
  from space 38400K, 99% used [0x00000000ede80000,0x00000000f03fcde0,0x00000000f0400000)
  to   space 51712K, 0% used [0x00000000eac00000,0x00000000eac00000,0x00000000ede80000)
 ParOldGen       total 245760K, used 84459K [0x00000000a0000000, 0x00000000af000000, 0x00000000e0000000)
  object space 245760K, 34% used [0x00000000a0000000,0x00000000a527afc0,0x00000000af000000)
 Metaspace       used 84018K, capacity 95183K, committed 95232K, reserved 1132544K
  class space    used 11552K, capacity 12252K, committed 12288K, reserved 1048576K
Event: 23.752 GC heap after
Heap after GC invocations=18 (full 5):
 PSYoungGen      total 227840K, used 36500K [0x00000000e0000000, 0x00000000f4280000, 0x0000000100000000)
  eden space 176128K, 0% used [0x00000000e0000000,0x00000000e0000000,0x00000000eac00000)
  from space 51712K, 70% used [0x00000000eac00000,0x00000000ecfa5310,0x00000000ede80000)
  to   space 54272K, 0% used [0x00000000f0d80000,0x00000000f0d80000,0x00000000f4280000)
 ParOldGen       total 245760K, used 84475K [0x00000000a0000000, 0x00000000af000000, 0x00000000e0000000)
  object space 245760K, 34% used [0x00000000a0000000,0x00000000a527efc0,0x00000000af000000)
 Metaspace       used 84018K, capacity 95183K, committed 95232K, reserved 1132544K
  class space    used 11552K, capacity 12252K, committed 12288K, reserved 1048576K
}
Event: 24.407 GC heap before
{Heap before GC invocations=19 (full 5):
 PSYoungGen      total 227840K, used 212628K [0x00000000e0000000, 0x00000000f4280000, 0x0000000100000000)
  eden space 176128K, 100% used [0x00000000e0000000,0x00000000eac00000,0x00000000eac00000)
  from space 51712K, 70% used [0x00000000eac00000,0x00000000ecfa5310,0x00000000ede80000)
  to   space 54272K, 0% used [0x00000000f0d80000,0x00000000f0d80000,0x00000000f4280000)
 ParOldGen       total 245760K, used 84475K [0x00000000a0000000, 0x00000000af000000, 0x00000000e0000000)
  object space 245760K, 34% used [0x00000000a0000000,0x00000000a527efc0,0x00000000af000000)
 Metaspace       used 84208K, capacity 95375K, committed 95488K, reserved 1132544K
  class space    used 11552K, capacity 12252K, committed 12288K, reserved 1048576K
Event: 24.439 GC heap after
Heap after GC invocations=19 (full 5):
 PSYoungGen      total 272896K, used 39667K [0x00000000e0000000, 0x00000000f4c80000, 0x0000000100000000)
  eden space 218624K, 0% used [0x00000000e0000000,0x00000000e0000000,0x00000000ed580000)
  from space 54272K, 73% used [0x00000000f0d80000,0x00000000f343cde0,0x00000000f4280000)
  to   space 57344K, 0% used [0x00000000ed580000,0x00000000ed580000,0x00000000f0d80000)
 ParOldGen       total 245760K, used 84483K [0x00000000a0000000, 0x00000000af000000, 0x00000000e0000000)
  object space 245760K, 34% used [0x00000000a0000000,0x00000000a5280fc0,0x00000000af000000)
 Metaspace       used 84208K, capacity 95375K, committed 95488K, reserved 1132544K
  class space    used 11552K, capacity 12252K, committed 12288K, reserved 1048576K
}

