# JRE version: Java(TM) SE Runtime Environment (8.0_191-b12) (build 1.8.0_191-b12)
# Java VM: Java HotSpot(TM) 64-Bit Server VM (25.191-b12 mixed mode windows-amd64 compressed oops)
Heap:
 PSYoungGen      total 134656K, used 12423K [0x00000000e0000000, 0x00000000e9f80000, 0x0000000100000000)
  eden space 111104K, 11% used [0x00000000e0000000,0x00000000e0c21de0,0x00000000e6c80000)
  from space 23552K, 0% used [0x00000000e8880000,0x00000000e8880000,0x00000000e9f80000)
  to   space 10752K, 0% used [0x00000000e6c80000,0x00000000e6c80000,0x00000000e7700000)
 ParOldGen       total 154112K, used 36805K [0x00000000a0000000, 0x00000000a9680000, 0x00000000e0000000)
  object space 154112K, 23% used [0x00000000a0000000,0x00000000a23f1648,0x00000000a9680000)
 Metaspace       used 66511K, capacity 74267K, committed 74880K, reserved 1114112K
  class space    used 9494K, capacity 9968K, committed 10112K, reserved 1048576K
GC Heap History (10 events):
Event: 6.611 GC heap before
{Heap before GC invocations=9 (full 3):
 PSYoungGen      total 121856K, used 111104K [0x00000000e0000000, 0x00000000e9f80000, 0x0000000100000000)
  eden space 111104K, 100% used [0x00000000e0000000,0x00000000e6c80000,0x00000000e6c80000)
  from space 10752K, 0% used [0x00000000e6c80000,0x00000000e6c80000,0x00000000e7700000)
  to   space 23552K, 0% used [0x00000000e8880000,0x00000000e8880000,0x00000000e9f80000)
 ParOldGen       total 154112K, used 34725K [0x00000000a0000000, 0x00000000a9680000, 0x00000000e0000000)
  object space 154112K, 22% used [0x00000000a0000000,0x00000000a21e9600,0x00000000a9680000)
 Metaspace       used 59975K, capacity 67091K, committed 67200K, reserved 1107968K
  class space    used 8607K, capacity 9048K, committed 9088K, reserved 1048576K
Event: 6.623 GC heap after
Heap after GC invocations=9 (full 3):
 PSYoungGen      total 134656K, used 13623K [0x00000000e0000000, 0x00000000e9f80000, 0x0000000100000000)
  eden space 111104K, 0% used [0x00000000e0000000,0x00000000e0000000,0x00000000e6c80000)
  from space 23552K, 57% used [0x00000000e8880000,0x00000000e95cdf20,0x00000000e9f80000)
  to   space 10752K, 0% used [0x00000000e6c80000,0x00000000e6c80000,0x00000000e7700000)
 ParOldGen       total 154112K, used 34797K [0x00000000a0000000, 0x00000000a9680000, 0x00000000e0000000)
  object space 154112K, 22% used [0x00000000a0000000,0x00000000a21fb610,0x00000000a9680000)
 Metaspace       used 59975K, capacity 67091K, committed 67200K, reserved 1107968K
  class space    used 8607K, capacity 9048K, committed 9088K, reserved 1048576K
}
Event: 7.484 GC heap before
{Heap before GC invocations=10 (full 3):
 PSYoungGen      total 134656K, used 107472K [0x00000000e0000000, 0x00000000e9f80000, 0x0000000100000000)
  eden space 111104K, 84% used [0x00000000e0000000,0x00000000e5ba6360,0x00000000e6c80000)
  from space 23552K, 57% used [0x00000000e8880000,0x00000000e95cdf20,0x00000000e9f80000)
  to   space 10752K, 0% used [0x00000000e6c80000,0x00000000e6c80000,0x00000000e7700000)
 ParOldGen       total 154112K, used 34797K [0x00000000a0000000, 0x00000000a9680000, 0x00000000e0000000)
  object space 154112K, 22% used [0x00000000a0000000,0x00000000a21fb610,0x00000000a9680000)
 Metaspace       used 66730K, capacity 74769K, committed 74880K, reserved 1114112K
  class space    used 9582K, capacity 10075K, committed 10112K, reserved 1048576K
Event: 7.491 GC heap after
Heap after GC invocations=10 (full 3):
 PSYoungGen      total 121856K, used 10743K [0x00000000e0000000, 0x00000000e9f80000, 0x0000000100000000)
  eden space 111104K, 0% used [0x00000000e0000000,0x00000000e0000000,0x00000000e6c80000)
  from space 10752K, 99% used [0x00000000e6c80000,0x00000000e76fdd00,0x00000000e7700000)
  to   space 23552K, 0% used [0x00000000e8880000,0x00000000e8880000,0x00000000e9f80000)
 ParOldGen       total 154112K, used 35117K [0x00000000a0000000, 0x00000000a9680000, 0x00000000e0000000)
  object space 154112K, 22% used [0x00000000a0000000,0x00000000a224b6d0,0x00000000a9680000)
 Metaspace       used 66730K, capacity 74769K, committed 74880K, reserved 1114112K
  class space    used 9582K, capacity 10075K, committed 10112K, reserved 1048576K
}
Event: 7.491 GC heap before
{Heap before GC invocations=11 (full 4):
 PSYoungGen      total 121856K, used 10743K [0x00000000e0000000, 0x00000000e9f80000, 0x0000000100000000)
  eden space 111104K, 0% used [0x00000000e0000000,0x00000000e0000000,0x00000000e6c80000)
  from space 10752K, 99% used [0x00000000e6c80000,0x00000000e76fdd00,0x00000000e7700000)
  to   space 23552K, 0% used [0x00000000e8880000,0x00000000e8880000,0x00000000e9f80000)
 ParOldGen       total 154112K, used 35117K [0x00000000a0000000, 0x00000000a9680000, 0x00000000e0000000)
  object space 154112K, 22% used [0x00000000a0000000,0x00000000a224b6d0,0x00000000a9680000)
 Metaspace       used 66730K, capacity 74769K, committed 74880K, reserved 1114112K
  class space    used 9582K, capacity 10075K, committed 10112K, reserved 1048576K
Event: 7.662 GC heap after
Heap after GC invocations=11 (full 4):
 PSYoungGen      total 121856K, used 0K [0x00000000e0000000, 0x00000000e9f80000, 0x0000000100000000)
  eden space 111104K, 0% used [0x00000000e0000000,0x00000000e0000000,0x00000000e6c80000)
  from space 10752K, 0% used [0x00000000e6c80000,0x00000000e6c80000,0x00000000e7700000)
  to   space 23552K, 0% used [0x00000000e8880000,0x00000000e8880000,0x00000000e9f80000)
 ParOldGen       total 154112K, used 40583K [0x00000000a0000000, 0x00000000a9680000, 0x00000000e0000000)
  object space 154112K, 26% used [0x00000000a0000000,0x00000000a27a1ff0,0x00000000a9680000)
 Metaspace       used 66436K, capacity 74137K, committed 74880K, reserved 1114112K
  class space    used 9482K, capacity 9957K, committed 10112K, reserved 1048576K
}
Event: 7.664 GC heap before
{Heap before GC invocations=12 (full 4):
 PSYoungGen      total 121856K, used 2226K [0x00000000e0000000, 0x00000000e9f80000, 0x0000000100000000)
  eden space 111104K, 2% used [0x00000000e0000000,0x00000000e022c920,0x00000000e6c80000)
  from space 10752K, 0% used [0x00000000e6c80000,0x00000000e6c80000,0x00000000e7700000)
  to   space 23552K, 0% used [0x00000000e8880000,0x00000000e8880000,0x00000000e9f80000)
 ParOldGen       total 154112K, used 40583K [0x00000000a0000000, 0x00000000a9680000, 0x00000000e0000000)
  object space 154112K, 26% used [0x00000000a0000000,0x00000000a27a1ff0,0x00000000a9680000)
 Metaspace       used 66439K, capacity 74137K, committed 74880K, reserved 1114112K
  class space    used 9483K, capacity 9957K, committed 10112K, reserved 1048576K
Event: 7.665 GC heap after
Heap after GC invocations=12 (full 4):
 PSYoungGen      total 134656K, used 64K [0x00000000e0000000, 0x00000000e9f80000, 0x0000000100000000)
  eden space 111104K, 0% used [0x00000000e0000000,0x00000000e0000000,0x00000000e6c80000)
  from space 23552K, 0% used [0x00000000e8880000,0x00000000e8890000,0x00000000e9f80000)
  to   space 10752K, 0% used [0x00000000e6c80000,0x00000000e6c80000,0x00000000e7700000)
 ParOldGen       total 154112K, used 40583K [0x00000000a0000000, 0x00000000a9680000, 0x00000000e0000000)
  object space 154112K, 26% used [0x00000000a0000000,0x00000000a27a1ff0,0x00000000a9680000)
 Metaspace       used 66439K, capacity 74137K, committed 74880K, reserved 1114112K
  class space    used 9483K, capacity 9957K, committed 10112K, reserved 1048576K
}
Event: 7.666 GC heap before
{Heap before GC invocations=13 (full 5):
 PSYoungGen      total 134656K, used 64K [0x00000000e0000000, 0x00000000e9f80000, 0x0000000100000000)
  eden space 111104K, 0% used [0x00000000e0000000,0x00000000e0000000,0x00000000e6c80000)
  from space 23552K, 0% used [0x00000000e8880000,0x00000000e8890000,0x00000000e9f80000)
  to   space 10752K, 0% used [0x00000000e6c80000,0x00000000e6c80000,0x00000000e7700000)
 ParOldGen       total 154112K, used 40583K [0x00000000a0000000, 0x00000000a9680000, 0x00000000e0000000)
  object space 154112K, 26% used [0x00000000a0000000,0x00000000a27a1ff0,0x00000000a9680000)
 Metaspace       used 66439K, capacity 74137K, committed 74880K, reserved 1114112K
  class space    used 9483K, capacity 9957K, committed 10112K, reserved 1048576K
Event: 7.809 GC heap after
Heap after GC invocations=13 (full 5):
 PSYoungGen      total 134656K, used 0K [0x00000000e0000000, 0x00000000e9f80000, 0x0000000100000000)
  eden space 111104K, 0% used [0x00000000e0000000,0x00000000e0000000,0x00000000e6c80000)
  from space 23552K, 0% used [0x00000000e8880000,0x00000000e8880000,0x00000000e9f80000)
  to   space 10752K, 0% used [0x00000000e6c80000,0x00000000e6c80000,0x00000000e7700000)
 ParOldGen       total 154112K, used 36805K [0x00000000a0000000, 0x00000000a9680000, 0x00000000e0000000)
  object space 154112K, 23% used [0x00000000a0000000,0x00000000a23f1648,0x00000000a9680000)
 Metaspace       used 66439K, capacity 74137K, committed 74880K, reserved 1114112K
  class space    used 9483K, capacity 9957K, committed 10112K, reserved 1048576K
}

