# JRE version: Java(TM) SE Runtime Environment (8.0_191-b12) (build 1.8.0_191-b12)
# Java VM: Java HotSpot(TM) 64-Bit Server VM (25.191-b12 mixed mode windows-amd64 compressed oops)
Heap:
 PSYoungGen      total 116736K, used 28199K [0x00000000e0000000, 0x00000000e9b00000, 0x0000000100000000)
  eden space 105984K, 26% used [0x00000000e0000000,0x00000000e1b89fa0,0x00000000e6780000)
  from space 10752K, 0% used [0x00000000e6780000,0x00000000e6780000,0x00000000e7200000)
  to   space 24064K, 0% used [0x00000000e8380000,0x00000000e8380000,0x00000000e9b00000)
 ParOldGen       total 163328K, used 34742K [0x00000000a0000000, 0x00000000a9f80000, 0x00000000e0000000)
  object space 163328K, 21% used [0x00000000a0000000,0x00000000a21ed940,0x00000000a9f80000)
 Metaspace       used 55339K, capacity 61659K, committed 61824K, reserved 1103872K
  class space    used 7909K, capacity 8267K, committed 8320K, reserved 1048576K
GC Heap History (10 events):
Event: 3.419 GC heap before
{Heap before GC invocations=4 (full 1):
 PSYoungGen      total 75776K, used 65024K [0x00000000e0000000, 0x00000000e9400000, 0x0000000100000000)
  eden space 65024K, 100% used [0x00000000e0000000,0x00000000e3f80000,0x00000000e3f80000)
  from space 10752K, 0% used [0x00000000e4a00000,0x00000000e4a00000,0x00000000e5480000)
  to   space 10752K, 0% used [0x00000000e3f80000,0x00000000e3f80000,0x00000000e4a00000)
 ParOldGen       total 93184K, used 6489K [0x00000000a0000000, 0x00000000a5b00000, 0x00000000e0000000)
  object space 93184K, 6% used [0x00000000a0000000,0x00000000a06567d0,0x00000000a5b00000)
 Metaspace       used 33612K, capacity 35364K, committed 35416K, reserved 1079296K
  class space    used 4864K, capacity 5120K, committed 5120K, reserved 1048576K
Event: 3.426 GC heap after
Heap after GC invocations=4 (full 1):
 PSYoungGen      total 75776K, used 10750K [0x00000000e0000000, 0x00000000e7d80000, 0x0000000100000000)
  eden space 65024K, 0% used [0x00000000e0000000,0x00000000e0000000,0x00000000e3f80000)
  from space 10752K, 99% used [0x00000000e3f80000,0x00000000e49ff8e0,0x00000000e4a00000)
  to   space 10752K, 0% used [0x00000000e7300000,0x00000000e7300000,0x00000000e7d80000)
 ParOldGen       total 93184K, used 8709K [0x00000000a0000000, 0x00000000a5b00000, 0x00000000e0000000)
  object space 93184K, 9% used [0x00000000a0000000,0x00000000a0881700,0x00000000a5b00000)
 Metaspace       used 33612K, capacity 35364K, committed 35416K, reserved 1079296K
  class space    used 4864K, capacity 5120K, committed 5120K, reserved 1048576K
}
Event: 3.426 GC heap before
{Heap before GC invocations=5 (full 2):
 PSYoungGen      total 75776K, used 10750K [0x00000000e0000000, 0x00000000e7d80000, 0x0000000100000000)
  eden space 65024K, 0% used [0x00000000e0000000,0x00000000e0000000,0x00000000e3f80000)
  from space 10752K, 99% used [0x00000000e3f80000,0x00000000e49ff8e0,0x00000000e4a00000)
  to   space 10752K, 0% used [0x00000000e7300000,0x00000000e7300000,0x00000000e7d80000)
 ParOldGen       total 93184K, used 8709K [0x00000000a0000000, 0x00000000a5b00000, 0x00000000e0000000)
  object space 93184K, 9% used [0x00000000a0000000,0x00000000a0881700,0x00000000a5b00000)
 Metaspace       used 33612K, capacity 35364K, committed 35416K, reserved 1079296K
  class space    used 4864K, capacity 5120K, committed 5120K, reserved 1048576K
Event: 3.489 GC heap after
Heap after GC invocations=5 (full 2):
 PSYoungGen      total 75776K, used 0K [0x00000000e0000000, 0x00000000e7d80000, 0x0000000100000000)
  eden space 65024K, 0% used [0x00000000e0000000,0x00000000e0000000,0x00000000e3f80000)
  from space 10752K, 0% used [0x00000000e3f80000,0x00000000e3f80000,0x00000000e4a00000)
  to   space 10752K, 0% used [0x00000000e7300000,0x00000000e7300000,0x00000000e7d80000)
 ParOldGen       total 163328K, used 18264K [0x00000000a0000000, 0x00000000a9f80000, 0x00000000e0000000)
  object space 163328K, 11% used [0x00000000a0000000,0x00000000a11d62b0,0x00000000a9f80000)
 Metaspace       used 33612K, capacity 35364K, committed 35416K, reserved 1079296K
  class space    used 4864K, capacity 5120K, committed 5120K, reserved 1048576K
}
Event: 4.329 GC heap before
{Heap before GC invocations=6 (full 2):
 PSYoungGen      total 75776K, used 64684K [0x00000000e0000000, 0x00000000e7d80000, 0x0000000100000000)
  eden space 65024K, 99% used [0x00000000e0000000,0x00000000e3f2b318,0x00000000e3f80000)
  from space 10752K, 0% used [0x00000000e3f80000,0x00000000e3f80000,0x00000000e4a00000)
  to   space 10752K, 0% used [0x00000000e7300000,0x00000000e7300000,0x00000000e7d80000)
 ParOldGen       total 163328K, used 18264K [0x00000000a0000000, 0x00000000a9f80000, 0x00000000e0000000)
  object space 163328K, 11% used [0x00000000a0000000,0x00000000a11d62b0,0x00000000a9f80000)
 Metaspace       used 43092K, capacity 46072K, committed 46336K, reserved 1089536K
  class space    used 6093K, capacity 6361K, committed 6400K, reserved 1048576K
Event: 4.336 GC heap after
Heap after GC invocations=6 (full 2):
 PSYoungGen      total 94208K, used 9708K [0x00000000e0000000, 0x00000000e7c80000, 0x0000000100000000)
  eden space 84480K, 0% used [0x00000000e0000000,0x00000000e0000000,0x00000000e5280000)
  from space 9728K, 99% used [0x00000000e7300000,0x00000000e7c7b200,0x00000000e7c80000)
  to   space 10752K, 0% used [0x00000000e6780000,0x00000000e6780000,0x00000000e7200000)
 ParOldGen       total 163328K, used 18264K [0x00000000a0000000, 0x00000000a9f80000, 0x00000000e0000000)
  object space 163328K, 11% used [0x00000000a0000000,0x00000000a11d62b0,0x00000000a9f80000)
 Metaspace       used 43092K, capacity 46072K, committed 46336K, reserved 1089536K
  class space    used 6093K, capacity 6361K, committed 6400K, reserved 1048576K
}
Event: 5.423 GC heap before
{Heap before GC invocations=7 (full 2):
 PSYoungGen      total 94208K, used 92074K [0x00000000e0000000, 0x00000000e7c80000, 0x0000000100000000)
  eden space 84480K, 97% used [0x00000000e0000000,0x00000000e506f6c0,0x00000000e5280000)
  from space 9728K, 99% used [0x00000000e7300000,0x00000000e7c7b200,0x00000000e7c80000)
  to   space 10752K, 0% used [0x00000000e6780000,0x00000000e6780000,0x00000000e7200000)
 ParOldGen       total 163328K, used 18264K [0x00000000a0000000, 0x00000000a9f80000, 0x00000000e0000000)
  object space 163328K, 11% used [0x00000000a0000000,0x00000000a11d62b0,0x00000000a9f80000)
 Metaspace       used 53439K, capacity 58955K, committed 59028K, reserved 1099776K
  class space    used 7527K, capacity 7863K, committed 7936K, reserved 1048576K
Event: 5.439 GC heap after
Heap after GC invocations=7 (full 2):
 PSYoungGen      total 116736K, used 10746K [0x00000000e0000000, 0x00000000e9b00000, 0x0000000100000000)
  eden space 105984K, 0% used [0x00000000e0000000,0x00000000e0000000,0x00000000e6780000)
  from space 10752K, 99% used [0x00000000e6780000,0x00000000e71fe8a8,0x00000000e7200000)
  to   space 24064K, 0% used [0x00000000e8380000,0x00000000e8380000,0x00000000e9b00000)
 ParOldGen       total 163328K, used 32010K [0x00000000a0000000, 0x00000000a9f80000, 0x00000000e0000000)
  object space 163328K, 19% used [0x00000000a0000000,0x00000000a1f428e0,0x00000000a9f80000)
 Metaspace       used 53439K, capacity 58955K, committed 59028K, reserved 1099776K
  class space    used 7527K, capacity 7863K, committed 7936K, reserved 1048576K
}
Event: 5.439 GC heap before
{Heap before GC invocations=8 (full 3):
 PSYoungGen      total 116736K, used 10746K [0x00000000e0000000, 0x00000000e9b00000, 0x0000000100000000)
  eden space 105984K, 0% used [0x00000000e0000000,0x00000000e0000000,0x00000000e6780000)
  from space 10752K, 99% used [0x00000000e6780000,0x00000000e71fe8a8,0x00000000e7200000)
  to   space 24064K, 0% used [0x00000000e8380000,0x00000000e8380000,0x00000000e9b00000)
 ParOldGen       total 163328K, used 32010K [0x00000000a0000000, 0x00000000a9f80000, 0x00000000e0000000)
  object space 163328K, 19% used [0x00000000a0000000,0x00000000a1f428e0,0x00000000a9f80000)
 Metaspace       used 53439K, capacity 58955K, committed 59028K, reserved 1099776K
  class space    used 7527K, capacity 7863K, committed 7936K, reserved 1048576K
Event: 5.545 GC heap after
Heap after GC invocations=8 (full 3):
 PSYoungGen      total 116736K, used 0K [0x00000000e0000000, 0x00000000e9b00000, 0x0000000100000000)
  eden space 105984K, 0% used [0x00000000e0000000,0x00000000e0000000,0x00000000e6780000)
  from space 10752K, 0% used [0x00000000e6780000,0x00000000e6780000,0x00000000e7200000)
  to   space 24064K, 0% used [0x00000000e8380000,0x00000000e8380000,0x00000000e9b00000)
 ParOldGen       total 163328K, used 34742K [0x00000000a0000000, 0x00000000a9f80000, 0x00000000e0000000)
  object space 163328K, 21% used [0x00000000a0000000,0x00000000a21ed940,0x00000000a9f80000)
 Metaspace       used 53433K, capacity 58945K, committed 59028K, reserved 1099776K
  class space    used 7527K, capacity 7861K, committed 7936K, reserved 1048576K
}

