# JRE version: Java(TM) SE Runtime Environment (8.0_191-b12) (build 1.8.0_191-b12)
# Java VM: Java HotSpot(TM) 64-Bit Server VM (25.191-b12 mixed mode windows-amd64 compressed oops)
Heap:
 PSYoungGen      total 181760K, used 109080K [0x000000076b700000, 0x000000077a280000, 0x00000007c0000000)
  eden space 174080K, 58% used [0x000000076b700000,0x0000000771a58760,0x0000000776100000)
  from space 7680K, 95% used [0x0000000779b00000,0x000000077a22db08,0x000000077a280000)
  to   space 12288K, 0% used [0x0000000778a80000,0x0000000778a80000,0x0000000779680000)
 ParOldGen       total 131072K, used 14918K [0x00000006c2400000, 0x00000006ca400000, 0x000000076b700000)
  object space 131072K, 11% used [0x00000006c2400000,0x00000006c32918d8,0x00000006ca400000)
 Metaspace       used 42508K, capacity 43119K, committed 43264K, reserved 1085440K
  class space    used 6197K, capacity 6337K, committed 6400K, reserved 1048576K
GC Heap History (10 events):
Event: 3.301 GC heap before
{Heap before GC invocations=4 (full 1):
 PSYoungGen      total 75776K, used 5288K [0x000000076b700000, 0x0000000774b00000, 0x00000007c0000000)
  eden space 65024K, 0% used [0x000000076b700000,0x000000076b700000,0x000000076f680000)
  from space 10752K, 49% used [0x000000076f680000,0x000000076fbaa068,0x0000000770100000)
  to   space 10752K, 0% used [0x0000000774080000,0x0000000774080000,0x0000000774b00000)
 ParOldGen       total 173568K, used 96K [0x00000006c2400000, 0x00000006ccd80000, 0x000000076b700000)
  object space 173568K, 0% used [0x00000006c2400000,0x00000006c2418028,0x00000006ccd80000)
 Metaspace       used 20876K, capacity 21102K, committed 21248K, reserved 1067008K
  class space    used 2973K, capacity 3043K, committed 3072K, reserved 1048576K
Event: 3.316 GC heap after
Heap after GC invocations=4 (full 1):
 PSYoungGen      total 75776K, used 0K [0x000000076b700000, 0x0000000774b00000, 0x00000007c0000000)
  eden space 65024K, 0% used [0x000000076b700000,0x000000076b700000,0x000000076f680000)
  from space 10752K, 0% used [0x000000076f680000,0x000000076f680000,0x0000000770100000)
  to   space 10752K, 0% used [0x0000000774080000,0x0000000774080000,0x0000000774b00000)
 ParOldGen       total 79360K, used 5130K [0x00000006c2400000, 0x00000006c7180000, 0x000000076b700000)
  object space 79360K, 6% used [0x00000006c2400000,0x00000006c2902bf8,0x00000006c7180000)
 Metaspace       used 20876K, capacity 21102K, committed 21248K, reserved 1067008K
  class space    used 2973K, capacity 3043K, committed 3072K, reserved 1048576K
}
Event: 3.680 GC heap before
{Heap before GC invocations=5 (full 1):
 PSYoungGen      total 75776K, used 65024K [0x000000076b700000, 0x0000000774b00000, 0x00000007c0000000)
  eden space 65024K, 100% used [0x000000076b700000,0x000000076f680000,0x000000076f680000)
  from space 10752K, 0% used [0x000000076f680000,0x000000076f680000,0x0000000770100000)
  to   space 10752K, 0% used [0x0000000774080000,0x0000000774080000,0x0000000774b00000)
 ParOldGen       total 79360K, used 5130K [0x00000006c2400000, 0x00000006c7180000, 0x000000076b700000)
  object space 79360K, 6% used [0x00000006c2400000,0x00000006c2902bf8,0x00000006c7180000)
 Metaspace       used 27966K, capacity 28214K, committed 28416K, reserved 1073152K
  class space    used 3967K, capacity 4045K, committed 4096K, reserved 1048576K
Event: 3.684 GC heap after
Heap after GC invocations=5 (full 1):
 PSYoungGen      total 128512K, used 7882K [0x000000076b700000, 0x0000000774880000, 0x00000007c0000000)
  eden space 120320K, 0% used [0x000000076b700000,0x000000076b700000,0x0000000772c80000)
  from space 8192K, 96% used [0x0000000774080000,0x0000000774832a90,0x0000000774880000)
  to   space 10752K, 0% used [0x0000000773380000,0x0000000773380000,0x0000000773e00000)
 ParOldGen       total 79360K, used 5138K [0x00000006c2400000, 0x00000006c7180000, 0x000000076b700000)
  object space 79360K, 6% used [0x00000006c2400000,0x00000006c2904bf8,0x00000006c7180000)
 Metaspace       used 27966K, capacity 28214K, committed 28416K, reserved 1073152K
  class space    used 3967K, capacity 4045K, committed 4096K, reserved 1048576K
}
Event: 4.163 GC heap before
{Heap before GC invocations=6 (full 1):
 PSYoungGen      total 128512K, used 121905K [0x000000076b700000, 0x0000000774880000, 0x00000007c0000000)
  eden space 120320K, 94% used [0x000000076b700000,0x0000000772659990,0x0000000772c80000)
  from space 8192K, 96% used [0x0000000774080000,0x0000000774832a90,0x0000000774880000)
  to   space 10752K, 0% used [0x0000000773380000,0x0000000773380000,0x0000000773e00000)
 ParOldGen       total 79360K, used 5138K [0x00000006c2400000, 0x00000006c7180000, 0x000000076b700000)
  object space 79360K, 6% used [0x00000006c2400000,0x00000006c2904bf8,0x00000006c7180000)
 Metaspace       used 34910K, capacity 35197K, committed 35416K, reserved 1079296K
  class space    used 5025K, capacity 5120K, committed 5120K, reserved 1048576K
Event: 4.170 GC heap after
Heap after GC invocations=6 (full 1):
 PSYoungGen      total 138240K, used 10747K [0x000000076b700000, 0x000000077a700000, 0x00000007c0000000)
  eden space 127488K, 0% used [0x000000076b700000,0x000000076b700000,0x0000000773380000)
  from space 10752K, 99% used [0x0000000773380000,0x0000000773dfedb0,0x0000000773e00000)
  to   space 12288K, 0% used [0x0000000779b00000,0x0000000779b00000,0x000000077a700000)
 ParOldGen       total 79360K, used 5503K [0x00000006c2400000, 0x00000006c7180000, 0x000000076b700000)
  object space 79360K, 6% used [0x00000006c2400000,0x00000006c295fdb0,0x00000006c7180000)
 Metaspace       used 34910K, capacity 35197K, committed 35416K, reserved 1079296K
  class space    used 5025K, capacity 5120K, committed 5120K, reserved 1048576K
}
Event: 4.170 GC heap before
{Heap before GC invocations=7 (full 2):
 PSYoungGen      total 138240K, used 10747K [0x000000076b700000, 0x000000077a700000, 0x00000007c0000000)
  eden space 127488K, 0% used [0x000000076b700000,0x000000076b700000,0x0000000773380000)
  from space 10752K, 99% used [0x0000000773380000,0x0000000773dfedb0,0x0000000773e00000)
  to   space 12288K, 0% used [0x0000000779b00000,0x0000000779b00000,0x000000077a700000)
 ParOldGen       total 79360K, used 5503K [0x00000006c2400000, 0x00000006c7180000, 0x000000076b700000)
  object space 79360K, 6% used [0x00000006c2400000,0x00000006c295fdb0,0x00000006c7180000)
 Metaspace       used 34910K, capacity 35197K, committed 35416K, reserved 1079296K
  class space    used 5025K, capacity 5120K, committed 5120K, reserved 1048576K
Event: 4.219 GC heap after
Heap after GC invocations=7 (full 2):
 PSYoungGen      total 138240K, used 0K [0x000000076b700000, 0x000000077a700000, 0x00000007c0000000)
  eden space 127488K, 0% used [0x000000076b700000,0x000000076b700000,0x0000000773380000)
  from space 10752K, 0% used [0x0000000773380000,0x0000000773380000,0x0000000773e00000)
  to   space 12288K, 0% used [0x0000000779b00000,0x0000000779b00000,0x000000077a700000)
 ParOldGen       total 131072K, used 14910K [0x00000006c2400000, 0x00000006ca400000, 0x000000076b700000)
  object space 131072K, 11% used [0x00000006c2400000,0x00000006c328f8d8,0x00000006ca400000)
 Metaspace       used 34895K, capacity 35173K, committed 35416K, reserved 1079296K
  class space    used 5022K, capacity 5116K, committed 5120K, reserved 1048576K
}
Event: 52.795 GC heap before
{Heap before GC invocations=8 (full 2):
 PSYoungGen      total 138240K, used 127488K [0x000000076b700000, 0x000000077a700000, 0x00000007c0000000)
  eden space 127488K, 100% used [0x000000076b700000,0x0000000773380000,0x0000000773380000)
  from space 10752K, 0% used [0x0000000773380000,0x0000000773380000,0x0000000773e00000)
  to   space 12288K, 0% used [0x0000000779b00000,0x0000000779b00000,0x000000077a700000)
 ParOldGen       total 131072K, used 14910K [0x00000006c2400000, 0x00000006ca400000, 0x000000076b700000)
  object space 131072K, 11% used [0x00000006c2400000,0x00000006c328f8d8,0x00000006ca400000)
 Metaspace       used 41739K, capacity 42221K, committed 42496K, reserved 1085440K
  class space    used 6127K, capacity 6278K, committed 6400K, reserved 1048576K
Event: 52.799 GC heap after
Heap after GC invocations=8 (full 2):
 PSYoungGen      total 181760K, used 7350K [0x000000076b700000, 0x000000077a280000, 0x00000007c0000000)
  eden space 174080K, 0% used [0x000000076b700000,0x000000076b700000,0x0000000776100000)
  from space 7680K, 95% used [0x0000000779b00000,0x000000077a22db08,0x000000077a280000)
  to   space 12288K, 0% used [0x0000000778a80000,0x0000000778a80000,0x0000000779680000)
 ParOldGen       total 131072K, used 14918K [0x00000006c2400000, 0x00000006ca400000, 0x000000076b700000)
  object space 131072K, 11% used [0x00000006c2400000,0x00000006c32918d8,0x00000006ca400000)
 Metaspace       used 41739K, capacity 42221K, committed 42496K, reserved 1085440K
  class space    used 6127K, capacity 6278K, committed 6400K, reserved 1048576K
}

